  [1m[35m (635.8ms)[0m  [1m[35mCREATE DATABASE "kittiesrails_development" ENCODING = 'unicode'[0m
  ↳ bin/rails:9
  [1m[35m (515.5ms)[0m  [1m[35mCREATE DATABASE "kittiesrails_test" ENCODING = 'unicode'[0m
  ↳ bin/rails:9
  [1m[35m (85.6ms)[0m  [1m[35mCREATE TABLE "schema_migrations" ("version" character varying NOT NULL PRIMARY KEY)[0m
  ↳ bin/rails:9
  [1m[35m (78.4ms)[0m  [1m[35mCREATE TABLE "ar_internal_metadata" ("key" character varying NOT NULL PRIMARY KEY, "value" character varying, "created_at" timestamp NOT NULL, "updated_at" timestamp NOT NULL)[0m
  ↳ bin/rails:9
  [1m[35m (0.4ms)[0m  [1m[34mSELECT pg_try_advisory_lock(778920984324019950)[0m
  ↳ bin/rails:9
  [1m[35m (0.8ms)[0m  [1m[34mSELECT "schema_migrations"."version" FROM "schema_migrations" ORDER BY "schema_migrations"."version" ASC[0m
  ↳ bin/rails:9
Migrating to CreateCats (20190619200117)
  [1m[35m (0.1ms)[0m  [1m[35mBEGIN[0m
  ↳ bin/rails:9
  [1m[35m (72.6ms)[0m  [1m[35mCREATE TABLE "cats" ("id" bigserial primary key, "birth_date" date NOT NULL, "color" character varying NOT NULL, "name" character varying NOT NULL, "sex" character varying(1) NOT NULL, "description" text NOT NULL, "created_at" timestamp NOT NULL, "updated_at" timestamp NOT NULL)[0m
  ↳ db/migrate/20190619200117_create_cats.rb:3
  [1m[36mActiveRecord::SchemaMigration Create (0.6ms)[0m  [1m[32mINSERT INTO "schema_migrations" ("version") VALUES ($1) RETURNING "version"[0m  [["version", "20190619200117"]]
  ↳ bin/rails:9
  [1m[35m (11.1ms)[0m  [1m[35mCOMMIT[0m
  ↳ bin/rails:9
  [1m[36mActiveRecord::InternalMetadata Load (0.4ms)[0m  [1m[34mSELECT  "ar_internal_metadata".* FROM "ar_internal_metadata" WHERE "ar_internal_metadata"."key" = $1 LIMIT $2[0m  [["key", "environment"], ["LIMIT", 1]]
  ↳ bin/rails:9
  [1m[35m (0.1ms)[0m  [1m[35mBEGIN[0m
  ↳ bin/rails:9
  [1m[36mActiveRecord::InternalMetadata Create (0.7ms)[0m  [1m[32mINSERT INTO "ar_internal_metadata" ("key", "value", "created_at", "updated_at") VALUES ($1, $2, $3, $4) RETURNING "key"[0m  [["key", "environment"], ["value", "development"], ["created_at", "2019-06-19 20:37:18.564148"], ["updated_at", "2019-06-19 20:37:18.564148"]]
  ↳ bin/rails:9
  [1m[35m (8.2ms)[0m  [1m[35mCOMMIT[0m
  ↳ bin/rails:9
  [1m[35m (0.2ms)[0m  [1m[34mSELECT pg_advisory_unlock(778920984324019950)[0m
  ↳ bin/rails:9
  [1m[35m (0.4ms)[0m  [1m[34mSELECT "schema_migrations"."version" FROM "schema_migrations" ORDER BY "schema_migrations"."version" ASC[0m
  ↳ bin/rails:9
  [1m[36mCat Load (0.7ms)[0m  [1m[34mSELECT "cats".* FROM "cats"[0m
Started GET "/" for ::1 at 2019-06-19 16:52:10 -0400
  [1m[35m (1.3ms)[0m  [1m[34mSELECT "schema_migrations"."version" FROM "schema_migrations" ORDER BY "schema_migrations"."version" ASC[0m
  ↳ /home/klue/.rbenv/versions/2.5.1/lib/ruby/gems/2.5.0/gems/activerecord-5.2.3/lib/active_record/log_subscriber.rb:98
Processing by Rails::WelcomeController#index as */*
  Parameters: {"id"=>"1", "text/plain"=>[""]}
  Rendering /home/klue/.rbenv/versions/2.5.1/lib/ruby/gems/2.5.0/gems/railties-5.2.3/lib/rails/templates/rails/welcome/index.html.erb
  Rendered /home/klue/.rbenv/versions/2.5.1/lib/ruby/gems/2.5.0/gems/railties-5.2.3/lib/rails/templates/rails/welcome/index.html.erb (6.7ms)
Completed 200 OK in 39ms (Views: 21.1ms | ActiveRecord: 0.0ms)


Started GET "/kitties" for ::1 at 2019-06-19 16:52:22 -0400
  
ActionController::RoutingError (No route matches [GET] "/kitties"):
  
actionpack (5.2.3) lib/action_dispatch/middleware/debug_exceptions.rb:65:in `call'
web-console (3.7.0) lib/web_console/middleware.rb:135:in `call_app'
web-console (3.7.0) lib/web_console/middleware.rb:30:in `block in call'
web-console (3.7.0) lib/web_console/middleware.rb:20:in `catch'
web-console (3.7.0) lib/web_console/middleware.rb:20:in `call'
actionpack (5.2.3) lib/action_dispatch/middleware/show_exceptions.rb:33:in `call'
railties (5.2.3) lib/rails/rack/logger.rb:38:in `call_app'
railties (5.2.3) lib/rails/rack/logger.rb:26:in `block in call'
activesupport (5.2.3) lib/active_support/tagged_logging.rb:71:in `block in tagged'
activesupport (5.2.3) lib/active_support/tagged_logging.rb:28:in `tagged'
activesupport (5.2.3) lib/active_support/tagged_logging.rb:71:in `tagged'
railties (5.2.3) lib/rails/rack/logger.rb:26:in `call'
sprockets-rails (3.2.1) lib/sprockets/rails/quiet_assets.rb:13:in `call'
actionpack (5.2.3) lib/action_dispatch/middleware/remote_ip.rb:81:in `call'
actionpack (5.2.3) lib/action_dispatch/middleware/request_id.rb:27:in `call'
rack (2.0.7) lib/rack/method_override.rb:22:in `call'
rack (2.0.7) lib/rack/runtime.rb:22:in `call'
activesupport (5.2.3) lib/active_support/cache/strategy/local_cache_middleware.rb:29:in `call'
actionpack (5.2.3) lib/action_dispatch/middleware/executor.rb:14:in `call'
actionpack (5.2.3) lib/action_dispatch/middleware/static.rb:127:in `call'
rack (2.0.7) lib/rack/sendfile.rb:111:in `call'
railties (5.2.3) lib/rails/engine.rb:524:in `call'
puma (3.12.1) lib/puma/configuration.rb:227:in `call'
puma (3.12.1) lib/puma/server.rb:660:in `handle_request'
puma (3.12.1) lib/puma/server.rb:474:in `process_client'
puma (3.12.1) lib/puma/server.rb:334:in `block in run'
puma (3.12.1) lib/puma/thread_pool.rb:135:in `block in spawn_thread'
Started GET "/cats" for ::1 at 2019-06-19 16:53:07 -0400

LoadError - Unable to autoload constant CatsController, expected /home/klue/Desktop/W9D3_99_kitties/kittiesrails/app/controllers/cats_controller.rb to define it:

Started GET "/cats" for ::1 at 2019-06-19 16:53:35 -0400

LoadError - Unable to autoload constant CatsController, expected /home/klue/Desktop/W9D3_99_kitties/kittiesrails/app/controllers/cats_controller.rb to define it:

Started POST "/__better_errors/838865428f824377/variables" for ::1 at 2019-06-19 16:53:35 -0400
Started POST "/__better_errors/838865428f824377/eval" for ::1 at 2019-06-19 16:53:40 -0400
Started GET "/cats" for ::1 at 2019-06-19 16:54:29 -0400
Processing by CatsController#index as */*
  Parameters: {"id"=>"1", "text/plain"=>[""]}
Completed 500 Internal Server Error in 12ms (ActiveRecord: 0.0ms)



ActionView::MissingTemplate - Missing template cats/index, application/index with {:locale=>[:en], :formats=>[:html, :text, :js, :css, :ics, :csv, :vcf, :vtt, :png, :jpeg, :gif, :bmp, :tiff, :svg, :mpeg, :mp3, :ogg, :m4a, :webm, :mp4, :otf, :ttf, :woff, :woff2, :xml, :rss, :atom, :yaml, :multipart_form, :url_encoded_form, :json, :pdf, :zip, :gzip], :variants=>[], :handlers=>[:raw, :erb, :html, :builder, :ruby, :coffee, :jbuilder]}. Searched in:
  * "/home/klue/Desktop/W9D3_99_kitties/kittiesrails/app/views"
:
  app/controllers/cats_controller.rb:6:in `index'

Started GET "/cats" for ::1 at 2019-06-19 16:54:56 -0400
Processing by CatsController#index as HTML
Completed 500 Internal Server Error in 1ms (ActiveRecord: 0.0ms)



ActionView::MissingTemplate - Missing template cats/index, application/index with {:locale=>[:en], :formats=>[:html], :variants=>[], :handlers=>[:raw, :erb, :html, :builder, :ruby, :coffee, :jbuilder]}. Searched in:
  * "/home/klue/Desktop/W9D3_99_kitties/kittiesrails/app/views"
:
  app/controllers/cats_controller.rb:6:in `index'

Started POST "/__better_errors/372f9b473e81d3a2/variables" for ::1 at 2019-06-19 16:54:56 -0400
  [1m[36mCat Load (0.6ms)[0m  [1m[34mSELECT  "cats".* FROM "cats" LIMIT $1[0m  [["LIMIT", 11]]
  ↳ /home/klue/.rbenv/versions/2.5.1/lib/ruby/gems/2.5.0/gems/activerecord-5.2.3/lib/active_record/log_subscriber.rb:98
Started GET "/cats" for ::1 at 2019-06-19 16:56:57 -0400
Processing by CatsController#index as */*
  Parameters: {"id"=>"1", "text/plain"=>[""]}
Completed 500 Internal Server Error in 12ms (ActiveRecord: 0.0ms)



ActionView::MissingTemplate - Missing template cats/index, application/index with {:locale=>[:en], :formats=>[:html, :text, :js, :css, :ics, :csv, :vcf, :vtt, :png, :jpeg, :gif, :bmp, :tiff, :svg, :mpeg, :mp3, :ogg, :m4a, :webm, :mp4, :otf, :ttf, :woff, :woff2, :xml, :rss, :atom, :yaml, :multipart_form, :url_encoded_form, :json, :pdf, :zip, :gzip], :variants=>[], :handlers=>[:raw, :erb, :html, :builder, :ruby, :coffee, :jbuilder]}. Searched in:
  * "/home/klue/Desktop/W9D3_99_kitties/kittiesrails/app/views"
:
  app/controllers/cats_controller.rb:6:in `index'

Started GET "/cats" for ::1 at 2019-06-19 16:59:31 -0400
Processing by CatsController#index as HTML
Completed 500 Internal Server Error in 3ms (ActiveRecord: 0.0ms)



ActionView::MissingTemplate - Missing template cats/index, application/index with {:locale=>[:en], :formats=>[:html], :variants=>[], :handlers=>[:raw, :erb, :html, :builder, :ruby, :coffee, :jbuilder]}. Searched in:
  * "/home/klue/Desktop/W9D3_99_kitties/kittiesrails/app/views"
:
  app/controllers/cats_controller.rb:6:in `index'

Started POST "/__better_errors/639c107b82ca6a13/variables" for ::1 at 2019-06-19 16:59:31 -0400
  [1m[36mCat Load (0.2ms)[0m  [1m[34mSELECT  "cats".* FROM "cats" LIMIT $1[0m  [["LIMIT", 11]]
  ↳ /home/klue/.rbenv/versions/2.5.1/lib/ruby/gems/2.5.0/gems/activerecord-5.2.3/lib/active_record/log_subscriber.rb:98
Started GET "/cats" for ::1 at 2019-06-19 17:04:34 -0400
Processing by CatsController#index as HTML
  Rendering cats/index.html.erb within layouts/application
  Rendered cats/index.html.erb within layouts/application (0.6ms)
Completed 200 OK in 398ms (Views: 394.4ms | ActiveRecord: 0.0ms)


Started GET "/cats" for ::1 at 2019-06-19 17:05:16 -0400
Processing by CatsController#index as HTML
  Rendering cats/index.html.erb within layouts/application
  Rendered cats/index.html.erb within layouts/application (0.4ms)
Completed 200 OK in 13ms (Views: 8.6ms | ActiveRecord: 0.0ms)


Started GET "/cats" for ::1 at 2019-06-19 17:05:18 -0400
Processing by CatsController#index as HTML
  Rendering cats/index.html.erb within layouts/application
  Rendered cats/index.html.erb within layouts/application (0.4ms)
Completed 200 OK in 7ms (Views: 5.5ms | ActiveRecord: 0.0ms)


Started GET "/cats" for ::1 at 2019-06-19 17:05:18 -0400
Processing by CatsController#index as HTML
  Rendering cats/index.html.erb within layouts/application
  Rendered cats/index.html.erb within layouts/application (0.5ms)
Completed 200 OK in 8ms (Views: 6.3ms | ActiveRecord: 0.0ms)


Started GET "/cats" for ::1 at 2019-06-19 17:05:18 -0400
Processing by CatsController#index as HTML
  Rendering cats/index.html.erb within layouts/application
  Rendered cats/index.html.erb within layouts/application (0.3ms)
Completed 200 OK in 5ms (Views: 4.3ms | ActiveRecord: 0.0ms)


Started GET "/cats" for ::1 at 2019-06-19 17:05:18 -0400
Processing by CatsController#index as HTML
  Rendering cats/index.html.erb within layouts/application
  Rendered cats/index.html.erb within layouts/application (0.4ms)
Completed 200 OK in 8ms (Views: 7.1ms | ActiveRecord: 0.0ms)


Started GET "/cats" for ::1 at 2019-06-19 17:05:22 -0400
Processing by CatsController#index as */*
  Parameters: {"id"=>"1", "text/plain"=>[""]}
  Rendering cats/index.html.erb within layouts/application
  Rendered cats/index.html.erb within layouts/application (0.3ms)
Completed 200 OK in 14ms (Views: 9.5ms | ActiveRecord: 0.0ms)


Started GET "/cats" for ::1 at 2019-06-19 17:13:15 -0400
Processing by CatsController#index as HTML
  Rendering cats/index.html.erb within layouts/application
  Rendered cats/index.html.erb within layouts/application (0.4ms)
Completed 200 OK in 9ms (Views: 5.4ms | ActiveRecord: 0.0ms)


Started GET "/cats" for ::1 at 2019-06-19 17:16:04 -0400
Processing by CatsController#index as HTML
  Rendering cats/index.html.erb within layouts/application
  [1m[36mCat Load (0.6ms)[0m  [1m[34mSELECT "cats".* FROM "cats"[0m
  ↳ app/views/cats/index.html.erb:4
  Rendered cats/index.html.erb within layouts/application (5.6ms)
Completed 200 OK in 11ms (Views: 7.5ms | ActiveRecord: 3.3ms)


Started GET "/cats" for ::1 at 2019-06-19 17:21:35 -0400
Processing by CatsController#index as HTML
  Rendering cats/index.html.erb within layouts/application
  [1m[36mCat Load (0.7ms)[0m  [1m[34mSELECT "cats".* FROM "cats"[0m
  ↳ app/views/cats/index.html.erb:4
  Rendered cats/index.html.erb within layouts/application (2.2ms)
Completed 200 OK in 9ms (Views: 7.9ms | ActiveRecord: 0.7ms)


Started GET "/cats" for ::1 at 2019-06-19 17:21:37 -0400
Processing by CatsController#index as HTML
  Rendering cats/index.html.erb within layouts/application
  [1m[36mCat Load (0.4ms)[0m  [1m[34mSELECT "cats".* FROM "cats"[0m
  ↳ app/views/cats/index.html.erb:4
  Rendered cats/index.html.erb within layouts/application (1.9ms)
Completed 200 OK in 10ms (Views: 8.7ms | ActiveRecord: 0.4ms)


Started GET "/cats" for ::1 at 2019-06-19 17:21:37 -0400
Processing by CatsController#index as HTML
  Rendering cats/index.html.erb within layouts/application
  [1m[36mCat Load (0.5ms)[0m  [1m[34mSELECT "cats".* FROM "cats"[0m
  ↳ app/views/cats/index.html.erb:4
  Rendered cats/index.html.erb within layouts/application (2.2ms)
Completed 200 OK in 10ms (Views: 8.5ms | ActiveRecord: 0.5ms)


Started GET "/cats" for ::1 at 2019-06-19 17:21:37 -0400
Processing by CatsController#index as HTML
  Rendering cats/index.html.erb within layouts/application
  [1m[36mCat Load (0.4ms)[0m  [1m[34mSELECT "cats".* FROM "cats"[0m
  ↳ app/views/cats/index.html.erb:4
  Rendered cats/index.html.erb within layouts/application (1.9ms)
Completed 200 OK in 8ms (Views: 6.9ms | ActiveRecord: 0.4ms)


  [1m[35m (0.3ms)[0m  [1m[35mBEGIN[0m
  [1m[36mCat Create (1.0ms)[0m  [1m[32mINSERT INTO "cats" ("id", "birth_date", "color", "name", "sex", "description", "created_at", "updated_at") VALUES ($1, $2, $3, $4, $5, $6, $7, $8) RETURNING "id"[0m  [["id", 1], ["birth_date", "2019-02-15"], ["color", "brown"], ["name", "Caesar"], ["sex", "M"], ["description", "it is a cat..."], ["created_at", "2019-06-19 21:23:06.962473"], ["updated_at", "2019-06-19 21:23:06.962473"]]
  [1m[35m (14.8ms)[0m  [1m[35mCOMMIT[0m
  [1m[36mCat Load (0.6ms)[0m  [1m[34mSELECT "cats".* FROM "cats"[0m
Started GET "/cats" for ::1 at 2019-06-19 17:23:22 -0400
Processing by CatsController#index as HTML
  Rendering cats/index.html.erb within layouts/application
  [1m[36mCat Load (0.5ms)[0m  [1m[34mSELECT "cats".* FROM "cats"[0m
  ↳ app/views/cats/index.html.erb:4
  Rendered cats/index.html.erb within layouts/application (28.7ms)
Completed 500 Internal Server Error in 32ms (ActiveRecord: 6.6ms)



ActionController::UrlGenerationError - No route matches {:action=>"show", :controller=>"cats"}, missing required keys: [:id]:
  app/views/cats/index.html.erb:5:in `block in _app_views_cats_index_html_erb___4484046244823676487_69886175202960'
  app/views/cats/index.html.erb:4:in `_app_views_cats_index_html_erb___4484046244823676487_69886175202960'
  app/controllers/cats_controller.rb:6:in `index'

Started POST "/__better_errors/6029536d69864aea/variables" for ::1 at 2019-06-19 17:23:23 -0400
Started GET "/cats" for ::1 at 2019-06-19 17:25:05 -0400
Processing by CatsController#index as HTML
  Rendering cats/index.html.erb within layouts/application
  [1m[36mCat Load (0.6ms)[0m  [1m[34mSELECT "cats".* FROM "cats"[0m
  ↳ app/views/cats/index.html.erb:4
  Rendered cats/index.html.erb within layouts/application (22.5ms)
Completed 500 Internal Server Error in 29ms (ActiveRecord: 5.8ms)



ActionController::UrlGenerationError - No route matches {:action=>"show", :controller=>"cats"}, missing required keys: [:id]:
  app/views/cats/index.html.erb:5:in `block in _app_views_cats_index_html_erb___4484046244823676487_69886030831200'
  app/views/cats/index.html.erb:4:in `_app_views_cats_index_html_erb___4484046244823676487_69886030831200'
  app/controllers/cats_controller.rb:6:in `index'

Started POST "/__better_errors/134284fbb243ca4a/variables" for ::1 at 2019-06-19 17:25:06 -0400
Started GET "/cats" for ::1 at 2019-06-19 17:29:22 -0400
Processing by CatsController#index as HTML
  Rendering cats/index.html.erb within layouts/application
  [1m[36mCat Load (0.6ms)[0m  [1m[34mSELECT "cats".* FROM "cats"[0m
  ↳ app/views/cats/index.html.erb:4
  Rendered cats/index.html.erb within layouts/application (28.3ms)
Completed 500 Internal Server Error in 33ms (ActiveRecord: 7.1ms)



ActionController::UrlGenerationError - No route matches {:action=>"show", :controller=>"cats"}, missing required keys: [:id]:
  app/views/cats/index.html.erb:5:in `block in _app_views_cats_index_html_erb___4484046244823676487_47230589284140'
  app/views/cats/index.html.erb:4:in `_app_views_cats_index_html_erb___4484046244823676487_47230589284140'
  app/controllers/cats_controller.rb:6:in `index'

Started POST "/__better_errors/c5a8cc4e4e2f9e65/variables" for ::1 at 2019-06-19 17:29:23 -0400
Started GET "/cats" for ::1 at 2019-06-19 17:31:44 -0400
Processing by CatsController#index as HTML
  Rendering cats/index.html.erb within layouts/application
  [1m[36mCat Load (0.4ms)[0m  [1m[34mSELECT "cats".* FROM "cats"[0m
  ↳ app/views/cats/index.html.erb:4
  Rendered cats/index.html.erb within layouts/application (2.2ms)
Completed 200 OK in 8ms (Views: 7.0ms | ActiveRecord: 0.4ms)


Started GET "/cats/1" for ::1 at 2019-06-19 17:31:45 -0400
Processing by CatsController#show as HTML
  Parameters: {"id"=>"1"}
  [1m[36mCat Load (0.2ms)[0m  [1m[34mSELECT  "cats".* FROM "cats" WHERE "cats"."id" = $1 LIMIT $2[0m  [["id", 1], ["LIMIT", 1]]
  ↳ app/controllers/cats_controller.rb:10
Completed 406 Not Acceptable in 35ms (ActiveRecord: 0.4ms)



ActionController::UnknownFormat - CatsController#show is missing a template for this request format and variant.

request.formats: ["text/html"]
request.variant: []

NOTE! For XHR/Ajax or API requests, this action would normally respond with 204 No Content: an empty white screen. Since you're loading it in a web browser, we assume that you expected to actually render a template, not nothing, so we're showing an error to be extra-clear. If you expect 204 No Content, carry on. That's what you'll get from an XHR or API request. Give it a shot.:

Started POST "/__better_errors/96a4fcb359163bfd/variables" for ::1 at 2019-06-19 17:31:45 -0400
Started GET "/cats/1" for ::1 at 2019-06-19 17:32:10 -0400
Processing by CatsController#show as HTML
  Parameters: {"id"=>"1"}
  [1m[36mCat Load (0.5ms)[0m  [1m[34mSELECT  "cats".* FROM "cats" WHERE "cats"."id" = $1 LIMIT $2[0m  [["id", 1], ["LIMIT", 1]]
  ↳ app/controllers/cats_controller.rb:10
Completed 406 Not Acceptable in 24ms (ActiveRecord: 0.5ms)



ActionController::UnknownFormat - CatsController#show is missing a template for this request format and variant.

request.formats: ["text/html"]
request.variant: []

NOTE! For XHR/Ajax or API requests, this action would normally respond with 204 No Content: an empty white screen. Since you're loading it in a web browser, we assume that you expected to actually render a template, not nothing, so we're showing an error to be extra-clear. If you expect 204 No Content, carry on. That's what you'll get from an XHR or API request. Give it a shot.:

Started POST "/__better_errors/8d1f35d885394227/variables" for ::1 at 2019-06-19 17:32:10 -0400
Started GET "/cats/1" for ::1 at 2019-06-19 17:32:49 -0400
Processing by CatsController#show as HTML
  Parameters: {"id"=>"1"}
  [1m[36mCat Load (0.3ms)[0m  [1m[34mSELECT  "cats".* FROM "cats" WHERE "cats"."id" = $1 LIMIT $2[0m  [["id", 1], ["LIMIT", 1]]
  ↳ app/controllers/cats_controller.rb:10
Completed 200 OK in 22ms (Views: 0.8ms | ActiveRecord: 4.6ms)


Started GET "/cats/1" for ::1 at 2019-06-19 17:32:53 -0400
Processing by CatsController#show as HTML
  Parameters: {"id"=>"1"}
  [1m[36mCat Load (1.1ms)[0m  [1m[34mSELECT  "cats".* FROM "cats" WHERE "cats"."id" = $1 LIMIT $2[0m  [["id", 1], ["LIMIT", 1]]
  ↳ app/controllers/cats_controller.rb:10
Completed 200 OK in 3ms (Views: 0.5ms | ActiveRecord: 1.1ms)


Started GET "/cats" for ::1 at 2019-06-19 17:33:32 -0400
Processing by CatsController#index as HTML
  Rendering cats/index.html.erb within layouts/application
  [1m[36mCat Load (0.3ms)[0m  [1m[34mSELECT "cats".* FROM "cats"[0m
  ↳ app/views/cats/index.html.erb:4
  Rendered cats/index.html.erb within layouts/application (1.6ms)
Completed 200 OK in 7ms (Views: 5.5ms | ActiveRecord: 0.3ms)


Started GET "/cats/1" for ::1 at 2019-06-19 17:33:53 -0400
Processing by CatsController#show as HTML
  Parameters: {"id"=>"1"}
  [1m[36mCat Load (0.4ms)[0m  [1m[34mSELECT  "cats".* FROM "cats" WHERE "cats"."id" = $1 LIMIT $2[0m  [["id", 1], ["LIMIT", 1]]
  ↳ app/controllers/cats_controller.rb:10
Completed 200 OK in 2ms (Views: 0.6ms | ActiveRecord: 0.4ms)


Started GET "/cats/1" for ::1 at 2019-06-19 17:34:46 -0400
Processing by CatsController#show as HTML
  Parameters: {"id"=>"1"}
  [1m[36mCat Load (0.6ms)[0m  [1m[34mSELECT  "cats".* FROM "cats" WHERE "cats"."id" = $1 LIMIT $2[0m  [["id", 1], ["LIMIT", 1]]
  ↳ app/controllers/cats_controller.rb:10
Completed 200 OK in 4ms (Views: 1.0ms | ActiveRecord: 0.6ms)


Started GET "/cats/1" for ::1 at 2019-06-19 17:35:24 -0400
Processing by CatsController#show as HTML
  Parameters: {"id"=>"1"}
  [1m[36mCat Load (0.4ms)[0m  [1m[34mSELECT  "cats".* FROM "cats" WHERE "cats"."id" = $1 LIMIT $2[0m  [["id", 1], ["LIMIT", 1]]
  ↳ app/controllers/cats_controller.rb:10
Completed 200 OK in 2ms (Views: 0.5ms | ActiveRecord: 0.4ms)


Started GET "/cats/1" for ::1 at 2019-06-19 17:35:25 -0400
Processing by CatsController#show as HTML
  Parameters: {"id"=>"1"}
  [1m[36mCat Load (0.5ms)[0m  [1m[34mSELECT  "cats".* FROM "cats" WHERE "cats"."id" = $1 LIMIT $2[0m  [["id", 1], ["LIMIT", 1]]
  ↳ app/controllers/cats_controller.rb:10
Completed 200 OK in 4ms (Views: 0.9ms | ActiveRecord: 0.5ms)


Started GET "/cats" for ::1 at 2019-06-19 17:35:28 -0400
Processing by CatsController#index as HTML
  Rendering cats/index.html.erb within layouts/application
  [1m[36mCat Load (0.5ms)[0m  [1m[34mSELECT "cats".* FROM "cats"[0m
  ↳ app/views/cats/index.html.erb:4
  Rendered cats/index.html.erb within layouts/application (2.5ms)
Completed 200 OK in 9ms (Views: 7.9ms | ActiveRecord: 0.5ms)


Started GET "/cats/1" for ::1 at 2019-06-19 17:35:31 -0400
Processing by CatsController#show as HTML
  Parameters: {"id"=>"1"}
  [1m[36mCat Load (0.4ms)[0m  [1m[34mSELECT  "cats".* FROM "cats" WHERE "cats"."id" = $1 LIMIT $2[0m  [["id", 1], ["LIMIT", 1]]
  ↳ app/controllers/cats_controller.rb:10
Completed 200 OK in 3ms (Views: 0.8ms | ActiveRecord: 0.4ms)


Started GET "/cats" for ::1 at 2019-06-19 17:35:33 -0400
Processing by CatsController#index as HTML
  Rendering cats/index.html.erb within layouts/application
  [1m[36mCat Load (0.3ms)[0m  [1m[34mSELECT "cats".* FROM "cats"[0m
  ↳ app/views/cats/index.html.erb:4
  Rendered cats/index.html.erb within layouts/application (1.4ms)
Completed 200 OK in 6ms (Views: 5.8ms | ActiveRecord: 0.3ms)


Started GET "/cats" for ::1 at 2019-06-19 17:35:33 -0400
Processing by CatsController#index as HTML
  Rendering cats/index.html.erb within layouts/application
  [1m[36mCat Load (0.2ms)[0m  [1m[34mSELECT "cats".* FROM "cats"[0m
  ↳ app/views/cats/index.html.erb:4
  Rendered cats/index.html.erb within layouts/application (1.7ms)
Completed 200 OK in 9ms (Views: 8.0ms | ActiveRecord: 0.2ms)


Started GET "/cats" for ::1 at 2019-06-19 17:35:33 -0400
Processing by CatsController#index as HTML
  Rendering cats/index.html.erb within layouts/application
  [1m[36mCat Load (0.6ms)[0m  [1m[34mSELECT "cats".* FROM "cats"[0m
  ↳ app/views/cats/index.html.erb:4
  Rendered cats/index.html.erb within layouts/application (2.8ms)
Completed 200 OK in 11ms (Views: 9.3ms | ActiveRecord: 0.6ms)


Started GET "/cats" for ::1 at 2019-06-19 17:35:34 -0400
Processing by CatsController#index as HTML
  Rendering cats/index.html.erb within layouts/application
  [1m[36mCat Load (0.4ms)[0m  [1m[34mSELECT "cats".* FROM "cats"[0m
  ↳ app/views/cats/index.html.erb:4
  Rendered cats/index.html.erb within layouts/application (1.8ms)
Completed 200 OK in 8ms (Views: 6.8ms | ActiveRecord: 0.4ms)


Started GET "/cats" for ::1 at 2019-06-19 17:35:34 -0400
Processing by CatsController#index as HTML
  Rendering cats/index.html.erb within layouts/application
  [1m[36mCat Load (0.4ms)[0m  [1m[34mSELECT "cats".* FROM "cats"[0m
  ↳ app/views/cats/index.html.erb:4
  Rendered cats/index.html.erb within layouts/application (2.3ms)
Completed 200 OK in 8ms (Views: 7.4ms | ActiveRecord: 0.4ms)


Started GET "/cats" for ::1 at 2019-06-19 17:35:34 -0400
Processing by CatsController#index as HTML
  Rendering cats/index.html.erb within layouts/application
  [1m[36mCat Load (0.3ms)[0m  [1m[34mSELECT "cats".* FROM "cats"[0m
  ↳ app/views/cats/index.html.erb:4
  Rendered cats/index.html.erb within layouts/application (1.5ms)
Completed 200 OK in 8ms (Views: 6.7ms | ActiveRecord: 0.3ms)


Started GET "/cats" for ::1 at 2019-06-19 17:35:34 -0400
Processing by CatsController#index as HTML
  Rendering cats/index.html.erb within layouts/application
  [1m[36mCat Load (0.4ms)[0m  [1m[34mSELECT "cats".* FROM "cats"[0m
  ↳ app/views/cats/index.html.erb:4
  Rendered cats/index.html.erb within layouts/application (2.0ms)
Completed 200 OK in 8ms (Views: 7.1ms | ActiveRecord: 0.4ms)


Started GET "/cats/1" for ::1 at 2019-06-19 17:35:57 -0400
Processing by CatsController#show as HTML
  Parameters: {"id"=>"1"}
  [1m[36mCat Load (0.3ms)[0m  [1m[34mSELECT  "cats".* FROM "cats" WHERE "cats"."id" = $1 LIMIT $2[0m  [["id", 1], ["LIMIT", 1]]
  ↳ app/controllers/cats_controller.rb:10
Completed 200 OK in 3ms (Views: 0.9ms | ActiveRecord: 0.3ms)


Started GET "/cats/1" for ::1 at 2019-06-19 17:36:24 -0400
Processing by CatsController#show as HTML
  Parameters: {"id"=>"1"}
  [1m[36mCat Load (0.4ms)[0m  [1m[34mSELECT  "cats".* FROM "cats" WHERE "cats"."id" = $1 LIMIT $2[0m  [["id", 1], ["LIMIT", 1]]
  ↳ app/controllers/cats_controller.rb:10
Completed 500 Internal Server Error in 24ms (ActiveRecord: 4.7ms)



ActionView::MissingTemplate - Missing template cats/show, application/show with {:locale=>[:en], :formats=>[:html], :variants=>[], :handlers=>[:raw, :erb, :html, :builder, :ruby, :coffee, :jbuilder]}. Searched in:
  * "/home/klue/Desktop/W9D3_99_kitties/kittiesrails/app/views"
:
  app/controllers/cats_controller.rb:11:in `show'

Started POST "/__better_errors/34088ca879a537fd/variables" for ::1 at 2019-06-19 17:36:24 -0400
Started GET "/cats/1" for ::1 at 2019-06-19 17:41:27 -0400
Processing by CatsController#show as HTML
  Parameters: {"id"=>"1"}
  [1m[36mCat Load (0.3ms)[0m  [1m[34mSELECT  "cats".* FROM "cats" WHERE "cats"."id" = $1 LIMIT $2[0m  [["id", 1], ["LIMIT", 1]]
  ↳ app/controllers/cats_controller.rb:10
Completed 500 Internal Server Error in 4ms (ActiveRecord: 0.3ms)



ActionView::MissingTemplate - Missing template cats/show, application/show with {:locale=>[:en], :formats=>[:html], :variants=>[], :handlers=>[:raw, :erb, :html, :builder, :ruby, :coffee, :jbuilder]}. Searched in:
  * "/home/klue/Desktop/W9D3_99_kitties/kittiesrails/app/views"
:
  app/controllers/cats_controller.rb:11:in `show'

Started POST "/__better_errors/7c819929c7ca6563/variables" for ::1 at 2019-06-19 17:41:28 -0400
Started GET "/cats/1" for ::1 at 2019-06-19 17:42:07 -0400
Processing by CatsController#show as HTML
  Parameters: {"id"=>"1"}
  [1m[36mCat Load (0.4ms)[0m  [1m[34mSELECT  "cats".* FROM "cats" WHERE "cats"."id" = $1 LIMIT $2[0m  [["id", 1], ["LIMIT", 1]]
  ↳ app/controllers/cats_controller.rb:10
  Rendering cats/show.html.erb within layouts/application
  Rendered cats/show.html.erb within layouts/application (5.0ms)
Completed 500 Internal Server Error in 11ms (ActiveRecord: 0.4ms)



NoMethodError - undefined method `each' for nil:NilClass:
  app/views/cats/show.html.erb:4:in `_app_views_cats_show_html_erb___3247423340948600342_69886170667360'
  app/controllers/cats_controller.rb:11:in `show'

Started POST "/__better_errors/8ee41c8ecb711665/variables" for ::1 at 2019-06-19 17:42:07 -0400
Started GET "/cats/1" for ::1 at 2019-06-19 17:42:35 -0400
Processing by CatsController#show as HTML
  Parameters: {"id"=>"1"}
  [1m[36mCat Load (0.3ms)[0m  [1m[34mSELECT  "cats".* FROM "cats" WHERE "cats"."id" = $1 LIMIT $2[0m  [["id", 1], ["LIMIT", 1]]
  ↳ app/controllers/cats_controller.rb:10
  Rendering cats/show.html.erb within layouts/application
  Rendered cats/show.html.erb within layouts/application (0.5ms)
Completed 200 OK in 8ms (Views: 5.8ms | ActiveRecord: 0.3ms)


Started GET "/cats/1" for ::1 at 2019-06-19 17:42:35 -0400
Processing by CatsController#show as HTML
  Parameters: {"id"=>"1"}
  [1m[36mCat Load (0.2ms)[0m  [1m[34mSELECT  "cats".* FROM "cats" WHERE "cats"."id" = $1 LIMIT $2[0m  [["id", 1], ["LIMIT", 1]]
  ↳ app/controllers/cats_controller.rb:10
  Rendering cats/show.html.erb within layouts/application
  Rendered cats/show.html.erb within layouts/application (0.3ms)
Completed 200 OK in 7ms (Views: 5.8ms | ActiveRecord: 0.2ms)


Started GET "/cats/1" for ::1 at 2019-06-19 17:42:36 -0400
Processing by CatsController#show as HTML
  Parameters: {"id"=>"1"}
  [1m[36mCat Load (0.2ms)[0m  [1m[34mSELECT  "cats".* FROM "cats" WHERE "cats"."id" = $1 LIMIT $2[0m  [["id", 1], ["LIMIT", 1]]
  ↳ app/controllers/cats_controller.rb:10
  Rendering cats/show.html.erb within layouts/application
  Rendered cats/show.html.erb within layouts/application (0.4ms)
Completed 200 OK in 9ms (Views: 7.4ms | ActiveRecord: 0.2ms)


Started GET "/cats/1" for ::1 at 2019-06-19 17:42:36 -0400
Processing by CatsController#show as HTML
  Parameters: {"id"=>"1"}
  [1m[36mCat Load (0.4ms)[0m  [1m[34mSELECT  "cats".* FROM "cats" WHERE "cats"."id" = $1 LIMIT $2[0m  [["id", 1], ["LIMIT", 1]]
  ↳ app/controllers/cats_controller.rb:10
  Rendering cats/show.html.erb within layouts/application
  Rendered cats/show.html.erb within layouts/application (0.5ms)
Completed 200 OK in 8ms (Views: 5.7ms | ActiveRecord: 0.4ms)


Started GET "/cats/1" for ::1 at 2019-06-19 17:42:36 -0400
Processing by CatsController#show as HTML
  Parameters: {"id"=>"1"}
  [1m[36mCat Load (0.4ms)[0m  [1m[34mSELECT  "cats".* FROM "cats" WHERE "cats"."id" = $1 LIMIT $2[0m  [["id", 1], ["LIMIT", 1]]
  ↳ app/controllers/cats_controller.rb:10
  Rendering cats/show.html.erb within layouts/application
  Rendered cats/show.html.erb within layouts/application (0.7ms)
Completed 200 OK in 9ms (Views: 7.3ms | ActiveRecord: 0.4ms)


Started GET "/cats/1" for ::1 at 2019-06-19 17:42:36 -0400
Processing by CatsController#show as HTML
  Parameters: {"id"=>"1"}
  [1m[36mCat Load (0.4ms)[0m  [1m[34mSELECT  "cats".* FROM "cats" WHERE "cats"."id" = $1 LIMIT $2[0m  [["id", 1], ["LIMIT", 1]]
  ↳ app/controllers/cats_controller.rb:10
  Rendering cats/show.html.erb within layouts/application
  Rendered cats/show.html.erb within layouts/application (0.4ms)
Completed 200 OK in 7ms (Views: 5.2ms | ActiveRecord: 0.4ms)


Started GET "/cats" for ::1 at 2019-06-19 17:42:39 -0400
Processing by CatsController#index as HTML
  Rendering cats/index.html.erb within layouts/application
  [1m[36mCat Load (0.3ms)[0m  [1m[34mSELECT "cats".* FROM "cats"[0m
  ↳ app/views/cats/index.html.erb:4
  Rendered cats/index.html.erb within layouts/application (1.3ms)
Completed 200 OK in 5ms (Views: 4.7ms | ActiveRecord: 0.3ms)


Started GET "/cats/1" for ::1 at 2019-06-19 17:42:40 -0400
Processing by CatsController#show as HTML
  Parameters: {"id"=>"1"}
  [1m[36mCat Load (0.4ms)[0m  [1m[34mSELECT  "cats".* FROM "cats" WHERE "cats"."id" = $1 LIMIT $2[0m  [["id", 1], ["LIMIT", 1]]
  ↳ app/controllers/cats_controller.rb:10
  Rendering cats/show.html.erb within layouts/application
  Rendered cats/show.html.erb within layouts/application (0.6ms)
Completed 200 OK in 7ms (Views: 5.2ms | ActiveRecord: 0.4ms)


Started GET "/cats/1" for ::1 at 2019-06-19 17:42:51 -0400
Processing by CatsController#show as HTML
  Parameters: {"id"=>"1"}
  [1m[36mCat Load (0.4ms)[0m  [1m[34mSELECT  "cats".* FROM "cats" WHERE "cats"."id" = $1 LIMIT $2[0m  [["id", 1], ["LIMIT", 1]]
  ↳ app/controllers/cats_controller.rb:10
  Rendering cats/show.html.erb within layouts/application
  Rendered cats/show.html.erb within layouts/application (0.5ms)
Completed 200 OK in 7ms (Views: 5.2ms | ActiveRecord: 0.4ms)


Started GET "/cats" for ::1 at 2019-06-19 17:45:18 -0400
Processing by CatsController#index as HTML
  Rendering cats/index.html.erb within layouts/application
  [1m[36mCat Load (0.3ms)[0m  [1m[34mSELECT "cats".* FROM "cats"[0m
  ↳ app/views/cats/index.html.erb:4
  Rendered cats/index.html.erb within layouts/application (1.7ms)
Completed 200 OK in 7ms (Views: 5.8ms | ActiveRecord: 0.3ms)


Started GET "/cats/1" for ::1 at 2019-06-19 17:45:20 -0400
Processing by CatsController#show as HTML
  Parameters: {"id"=>"1"}
  [1m[36mCat Load (0.3ms)[0m  [1m[34mSELECT  "cats".* FROM "cats" WHERE "cats"."id" = $1 LIMIT $2[0m  [["id", 1], ["LIMIT", 1]]
  ↳ app/controllers/cats_controller.rb:10
  Rendering cats/show.html.erb within layouts/application
  Rendered cats/show.html.erb within layouts/application (0.6ms)
Completed 200 OK in 9ms (Views: 7.2ms | ActiveRecord: 0.3ms)


Started GET "/cats/1" for ::1 at 2019-06-19 17:47:19 -0400
Processing by CatsController#show as HTML
  Parameters: {"id"=>"1"}
  [1m[36mCat Load (0.3ms)[0m  [1m[34mSELECT  "cats".* FROM "cats" WHERE "cats"."id" = $1 LIMIT $2[0m  [["id", 1], ["LIMIT", 1]]
  ↳ app/controllers/cats_controller.rb:10
  Rendering cats/show.html.erb within layouts/application
  Rendered cats/show.html.erb within layouts/application (0.4ms)
Completed 200 OK in 7ms (Views: 4.9ms | ActiveRecord: 0.3ms)


Started GET "/cats/1" for ::1 at 2019-06-19 17:47:31 -0400
Processing by CatsController#show as HTML
  Parameters: {"id"=>"1"}
  [1m[36mCat Load (0.3ms)[0m  [1m[34mSELECT  "cats".* FROM "cats" WHERE "cats"."id" = $1 LIMIT $2[0m  [["id", 1], ["LIMIT", 1]]
  ↳ app/controllers/cats_controller.rb:10
  Rendering cats/show.html.erb within layouts/application
  Rendered cats/show.html.erb within layouts/application (0.9ms)
Completed 200 OK in 11ms (Views: 8.6ms | ActiveRecord: 0.3ms)


Started GET "/cats/1" for ::1 at 2019-06-19 17:48:34 -0400
Processing by CatsController#show as HTML
  Parameters: {"id"=>"1"}
  [1m[36mCat Load (0.3ms)[0m  [1m[34mSELECT  "cats".* FROM "cats" WHERE "cats"."id" = $1 LIMIT $2[0m  [["id", 1], ["LIMIT", 1]]
  ↳ app/controllers/cats_controller.rb:10
  Rendering cats/show.html.erb within layouts/application
  Rendered cats/show.html.erb within layouts/application (0.8ms)
Completed 200 OK in 9ms (Views: 6.4ms | ActiveRecord: 0.3ms)


Started GET "/cats/1" for ::1 at 2019-06-19 17:51:04 -0400
Processing by CatsController#show as HTML
  Parameters: {"id"=>"1"}
  [1m[36mCat Load (0.3ms)[0m  [1m[34mSELECT  "cats".* FROM "cats" WHERE "cats"."id" = $1 LIMIT $2[0m  [["id", 1], ["LIMIT", 1]]
  ↳ app/controllers/cats_controller.rb:10
  Rendering cats/show.html.erb within layouts/application
  Rendered cats/show.html.erb within layouts/application (0.6ms)
Completed 200 OK in 8ms (Views: 6.2ms | ActiveRecord: 0.3ms)


Started GET "/cats/1" for ::1 at 2019-06-19 17:59:40 -0400
Processing by CatsController#show as HTML
  Parameters: {"id"=>"1"}
Completed 500 Internal Server Error in 2ms (ActiveRecord: 0.0ms)



SyntaxError - syntax error, unexpected ':', expecting keyword_end
    validates: :birth_date, :color, :name, ...
             ^:
  app/models/cat.rb:2:in `'
  app/controllers/cats_controller.rb:10:in `show'

Started POST "/__better_errors/c1fd893525d2b5ba/variables" for ::1 at 2019-06-19 17:59:40 -0400
Started GET "/cats/1" for ::1 at 2019-06-19 18:02:05 -0400
Processing by CatsController#show as HTML
  Parameters: {"id"=>"1"}
Completed 500 Internal Server Error in 4ms (ActiveRecord: 0.0ms)



SyntaxError - syntax error, unexpected ':', expecting keyword_end
    validates: :birth_date, :color, :name, ...
             ^:
  app/models/cat.rb:2:in `'
  app/controllers/cats_controller.rb:10:in `show'

Started POST "/__better_errors/a716b87a387b146a/variables" for ::1 at 2019-06-19 18:02:06 -0400
Started POST "/__better_errors/a716b87a387b146a/variables" for ::1 at 2019-06-19 18:02:09 -0400
Started GET "/cats/1" for ::1 at 2019-06-19 18:02:53 -0400
Processing by CatsController#show as HTML
  Parameters: {"id"=>"1"}
  [1m[36mCat Load (0.3ms)[0m  [1m[34mSELECT  "cats".* FROM "cats" WHERE "cats"."id" = $1 LIMIT $2[0m  [["id", 1], ["LIMIT", 1]]
  ↳ app/controllers/cats_controller.rb:10
  Rendering cats/show.html.erb within layouts/application
  Rendered cats/show.html.erb within layouts/application (1.2ms)
Completed 200 OK in 40ms (Views: 8.5ms | ActiveRecord: 9.0ms)


Started GET "/cats" for ::1 at 2019-06-19 18:03:18 -0400
Processing by CatsController#index as HTML
  Rendering cats/index.html.erb within layouts/application
  [1m[36mCat Load (0.4ms)[0m  [1m[34mSELECT "cats".* FROM "cats"[0m
  ↳ app/views/cats/index.html.erb:4
  Rendered cats/index.html.erb within layouts/application (2.2ms)
Completed 200 OK in 8ms (Views: 7.1ms | ActiveRecord: 0.4ms)


Started GET "/cats/1" for ::1 at 2019-06-19 18:03:20 -0400
Processing by CatsController#show as HTML
  Parameters: {"id"=>"1"}
  [1m[36mCat Load (0.3ms)[0m  [1m[34mSELECT  "cats".* FROM "cats" WHERE "cats"."id" = $1 LIMIT $2[0m  [["id", 1], ["LIMIT", 1]]
  ↳ app/controllers/cats_controller.rb:10
  Rendering cats/show.html.erb within layouts/application
  Rendered cats/show.html.erb within layouts/application (1.0ms)
Completed 200 OK in 12ms (Views: 9.2ms | ActiveRecord: 0.3ms)


Started GET "/cats/1" for ::1 at 2019-06-19 18:11:50 -0400
Processing by CatsController#show as HTML
  Parameters: {"id"=>"1"}
  [1m[36mCat Load (0.4ms)[0m  [1m[34mSELECT  "cats".* FROM "cats" WHERE "cats"."id" = $1 LIMIT $2[0m  [["id", 1], ["LIMIT", 1]]
  ↳ app/controllers/cats_controller.rb:10
  Rendering cats/show.html.erb within layouts/application
  Rendered cats/show.html.erb within layouts/application (0.8ms)
Completed 200 OK in 44ms (Views: 8.8ms | ActiveRecord: 9.2ms)


Started GET "/cats/new" for ::1 at 2019-06-19 18:11:54 -0400
Processing by CatsController#new as HTML
  Rendering cats/new.html.erb within layouts/application
  Rendered cats/new.html.erb within layouts/application (1.2ms)
Completed 200 OK in 9ms (Views: 8.2ms | ActiveRecord: 0.0ms)


Started GET "/cats?cat%5Bname%5D=HELLO" for ::1 at 2019-06-19 18:11:59 -0400
Processing by CatsController#index as HTML
  Parameters: {"cat"=>{"name"=>"HELLO"}}
  Rendering cats/index.html.erb within layouts/application
  [1m[36mCat Load (0.4ms)[0m  [1m[34mSELECT "cats".* FROM "cats"[0m
  ↳ app/views/cats/index.html.erb:4
  Rendered cats/index.html.erb within layouts/application (3.2ms)
Completed 200 OK in 12ms (Views: 10.3ms | ActiveRecord: 0.4ms)


Started GET "/cats/1" for ::1 at 2019-06-19 18:12:00 -0400
Processing by CatsController#show as HTML
  Parameters: {"id"=>"1"}
  [1m[36mCat Load (0.4ms)[0m  [1m[34mSELECT  "cats".* FROM "cats" WHERE "cats"."id" = $1 LIMIT $2[0m  [["id", 1], ["LIMIT", 1]]
  ↳ app/controllers/cats_controller.rb:10
  Rendering cats/show.html.erb within layouts/application
  Rendered cats/show.html.erb within layouts/application (0.5ms)
Completed 200 OK in 11ms (Views: 8.7ms | ActiveRecord: 0.4ms)


Started GET "/cats?cat%5Bname%5D=HELLO" for ::1 at 2019-06-19 18:12:09 -0400
Processing by CatsController#index as HTML
  Parameters: {"cat"=>{"name"=>"HELLO"}}
  Rendering cats/index.html.erb within layouts/application
  [1m[36mCat Load (0.3ms)[0m  [1m[34mSELECT "cats".* FROM "cats"[0m
  ↳ app/views/cats/index.html.erb:4
  Rendered cats/index.html.erb within layouts/application (1.5ms)
Completed 200 OK in 9ms (Views: 8.4ms | ActiveRecord: 0.3ms)


Started GET "/cats/1" for ::1 at 2019-06-19 18:12:10 -0400
Processing by CatsController#show as HTML
  Parameters: {"id"=>"1"}
  [1m[36mCat Load (0.3ms)[0m  [1m[34mSELECT  "cats".* FROM "cats" WHERE "cats"."id" = $1 LIMIT $2[0m  [["id", 1], ["LIMIT", 1]]
  ↳ app/controllers/cats_controller.rb:10
  Rendering cats/show.html.erb within layouts/application
  Rendered cats/show.html.erb within layouts/application (1.4ms)
Completed 200 OK in 11ms (Views: 9.7ms | ActiveRecord: 0.3ms)


Started GET "/cats" for ::1 at 2019-06-19 18:12:13 -0400
Processing by CatsController#index as HTML
  Rendering cats/index.html.erb within layouts/application
  [1m[36mCat Load (0.4ms)[0m  [1m[34mSELECT "cats".* FROM "cats"[0m
  ↳ app/views/cats/index.html.erb:4
  Rendered cats/index.html.erb within layouts/application (2.0ms)
Completed 200 OK in 25ms (Views: 6.4ms | ActiveRecord: 0.4ms)


Started GET "/cats/1" for ::1 at 2019-06-19 18:12:15 -0400
Processing by CatsController#show as HTML
  Parameters: {"id"=>"1"}
  [1m[36mCat Load (0.4ms)[0m  [1m[34mSELECT  "cats".* FROM "cats" WHERE "cats"."id" = $1 LIMIT $2[0m  [["id", 1], ["LIMIT", 1]]
  ↳ app/controllers/cats_controller.rb:10
  Rendering cats/show.html.erb within layouts/application
  Rendered cats/show.html.erb within layouts/application (0.6ms)
Completed 200 OK in 8ms (Views: 6.0ms | ActiveRecord: 0.4ms)


Started GET "/cats/new" for ::1 at 2019-06-19 18:12:18 -0400
Processing by CatsController#new as HTML
  Rendering cats/new.html.erb within layouts/application
  Rendered cats/new.html.erb within layouts/application (0.4ms)
Completed 200 OK in 5ms (Views: 4.0ms | ActiveRecord: 0.0ms)


Started GET "/cats/new" for ::1 at 2019-06-19 18:16:05 -0400
Processing by CatsController#new as HTML
  Rendering cats/new.html.erb within layouts/application
  Rendered cats/new.html.erb within layouts/application (0.8ms)
Completed 200 OK in 8ms (Views: 6.9ms | ActiveRecord: 0.0ms)


Started GET "/cats" for ::1 at 2019-06-19 18:19:24 -0400
Processing by CatsController#index as HTML
  Rendering cats/index.html.erb within layouts/application
  [1m[36mCat Load (0.3ms)[0m  [1m[34mSELECT "cats".* FROM "cats"[0m
  ↳ app/views/cats/index.html.erb:4
  Rendered cats/index.html.erb within layouts/application (2.1ms)
Completed 200 OK in 7ms (Views: 6.5ms | ActiveRecord: 0.3ms)


Started GET "/cats/new" for ::1 at 2019-06-19 18:19:28 -0400
Processing by CatsController#new as HTML
  Rendering cats/new.html.erb within layouts/application
  Rendered cats/new.html.erb within layouts/application (0.4ms)
Completed 200 OK in 6ms (Views: 5.0ms | ActiveRecord: 0.0ms)


Started GET "/cats/new" for ::1 at 2019-06-19 18:19:45 -0400
Processing by CatsController#new as HTML
  Rendering cats/new.html.erb within layouts/application
  Rendered cats/new.html.erb within layouts/application (0.6ms)
Completed 200 OK in 6ms (Views: 5.7ms | ActiveRecord: 0.0ms)


Started GET "/cats/new" for ::1 at 2019-06-19 18:24:25 -0400
Processing by CatsController#new as HTML
  Rendering cats/new.html.erb within layouts/application
  Rendered cats/new.html.erb within layouts/application (1.1ms)
Completed 200 OK in 9ms (Views: 8.5ms | ActiveRecord: 0.0ms)


Started GET "/cats/new" for ::1 at 2019-06-19 18:25:03 -0400
Processing by CatsController#new as HTML
  Rendering cats/new.html.erb within layouts/application
  Rendered cats/new.html.erb within layouts/application (1.0ms)
Completed 200 OK in 8ms (Views: 7.4ms | ActiveRecord: 0.0ms)


Started GET "/cats/new" for ::1 at 2019-06-19 18:26:14 -0400
Processing by CatsController#new as HTML
  Rendering cats/new.html.erb within layouts/application
  Rendered cats/new.html.erb within layouts/application (0.4ms)
Completed 200 OK in 7ms (Views: 6.4ms | ActiveRecord: 0.0ms)


Started POST "/cats" for ::1 at 2019-06-19 18:27:48 -0400

AbstractController::ActionNotFound - The action 'create' could not be found for CatsController:

Started POST "/__better_errors/fc5dabb26d6b6669/variables" for ::1 at 2019-06-19 18:27:49 -0400
Started GET "/cats/new" for ::1 at 2019-06-19 18:28:10 -0400
Processing by CatsController#new as HTML
  Rendering cats/new.html.erb within layouts/application
  Rendered cats/new.html.erb within layouts/application (0.7ms)
Completed 200 OK in 8ms (Views: 7.0ms | ActiveRecord: 0.0ms)


Started GET "/cats/new" for ::1 at 2019-06-19 18:28:13 -0400
Processing by CatsController#new as HTML
  Rendering cats/new.html.erb within layouts/application
  Rendered cats/new.html.erb within layouts/application (0.6ms)
Completed 200 OK in 6ms (Views: 5.2ms | ActiveRecord: 0.0ms)


Started GET "/cats/new" for ::1 at 2019-06-19 18:28:14 -0400
Processing by CatsController#new as HTML
  Rendering cats/new.html.erb within layouts/application
  Rendered cats/new.html.erb within layouts/application (1.2ms)
Completed 200 OK in 11ms (Views: 10.3ms | ActiveRecord: 0.0ms)


Started GET "/cats/new" for ::1 at 2019-06-19 18:28:14 -0400
Processing by CatsController#new as HTML
  Rendering cats/new.html.erb within layouts/application
  Rendered cats/new.html.erb within layouts/application (0.7ms)
Completed 200 OK in 7ms (Views: 6.2ms | ActiveRecord: 0.0ms)


Started GET "/cats/new" for ::1 at 2019-06-19 18:28:14 -0400
Processing by CatsController#new as HTML
  Rendering cats/new.html.erb within layouts/application
  Rendered cats/new.html.erb within layouts/application (1.0ms)
Completed 200 OK in 10ms (Views: 9.3ms | ActiveRecord: 0.0ms)


Started GET "/cats/new" for ::1 at 2019-06-19 18:28:14 -0400
Processing by CatsController#new as HTML
  Rendering cats/new.html.erb within layouts/application
  Rendered cats/new.html.erb within layouts/application (0.7ms)
Completed 200 OK in 9ms (Views: 8.2ms | ActiveRecord: 0.0ms)


Started GET "/cats/new" for ::1 at 2019-06-19 18:28:14 -0400
Processing by CatsController#new as HTML
  Rendering cats/new.html.erb within layouts/application
  Rendered cats/new.html.erb within layouts/application (0.6ms)
Completed 200 OK in 8ms (Views: 7.3ms | ActiveRecord: 0.0ms)


Started GET "/cats/new" for ::1 at 2019-06-19 18:28:23 -0400
Processing by CatsController#new as HTML
  Rendering cats/new.html.erb within layouts/application
  Rendered cats/new.html.erb within layouts/application (0.6ms)
Completed 200 OK in 7ms (Views: 6.3ms | ActiveRecord: 0.0ms)


Started GET "/cats/new" for ::1 at 2019-06-19 18:28:39 -0400
Processing by CatsController#new as HTML
  Rendering cats/new.html.erb within layouts/application
  Rendered cats/new.html.erb within layouts/application (0.6ms)
Completed 200 OK in 16ms (Views: 15.5ms | ActiveRecord: 0.0ms)


Started GET "/cats/new" for ::1 at 2019-06-19 18:30:52 -0400
Processing by CatsController#new as HTML
  Rendering cats/new.html.erb within layouts/application
  Rendered cats/new.html.erb within layouts/application (0.8ms)
Completed 200 OK in 8ms (Views: 7.3ms | ActiveRecord: 0.0ms)


Started GET "/cats" for ::1 at 2019-06-19 18:30:55 -0400
Processing by CatsController#index as HTML
  Rendering cats/index.html.erb within layouts/application
  [1m[36mCat Load (0.4ms)[0m  [1m[34mSELECT "cats".* FROM "cats"[0m
  ↳ app/views/cats/index.html.erb:4
  Rendered cats/index.html.erb within layouts/application (1.9ms)
Completed 200 OK in 8ms (Views: 6.6ms | ActiveRecord: 0.4ms)


Started GET "/cats/enw" for ::1 at 2019-06-19 18:30:59 -0400
Processing by CatsController#show as HTML
  Parameters: {"id"=>"enw"}
  [1m[36mCat Load (0.4ms)[0m  [1m[34mSELECT  "cats".* FROM "cats" WHERE "cats"."id" = $1 LIMIT $2[0m  [["id", 0], ["LIMIT", 1]]
  ↳ app/controllers/cats_controller.rb:10
  Rendering cats/show.html.erb within layouts/application
  Rendered cats/show.html.erb within layouts/application (2.3ms)
Completed 500 Internal Server Error in 6ms (ActiveRecord: 0.4ms)



NoMethodError - undefined method `name' for nil:NilClass:
  app/views/cats/show.html.erb:1:in `_app_views_cats_show_html_erb___3247423340948600342_69886198508880'
  app/controllers/cats_controller.rb:11:in `show'

Started POST "/__better_errors/0464e1695404f5cc/variables" for ::1 at 2019-06-19 18:30:59 -0400
Started GET "/cats/new" for ::1 at 2019-06-19 18:31:02 -0400
Processing by CatsController#new as HTML
  Rendering cats/new.html.erb within layouts/application
  Rendered cats/new.html.erb within layouts/application (0.7ms)
Completed 200 OK in 6ms (Views: 6.0ms | ActiveRecord: 0.0ms)


Started POST "/cats" for ::1 at 2019-06-19 18:31:36 -0400

AbstractController::ActionNotFound - The action 'create' could not be found for CatsController:

Started POST "/__better_errors/28d584c0ad6115c3/variables" for ::1 at 2019-06-19 18:31:36 -0400
Started GET "/cats/new" for ::1 at 2019-06-19 18:32:45 -0400
Processing by CatsController#new as HTML
  Rendering cats/new.html.erb within layouts/application
  Rendered cats/new.html.erb within layouts/application (0.9ms)
Completed 200 OK in 9ms (Views: 8.1ms | ActiveRecord: 0.0ms)


Started GET "/cats/new" for ::1 at 2019-06-19 18:35:29 -0400
Processing by CatsController#new as HTML
  Rendering cats/new.html.erb within layouts/application
  Rendered cats/new.html.erb within layouts/application (0.8ms)
Completed 200 OK in 9ms (Views: 8.5ms | ActiveRecord: 0.0ms)


Started GET "/cats" for ::1 at 2019-06-19 18:39:44 -0400

SyntaxError - syntax error, unexpected end-of-input, expecting keyword_end:
  app/controllers/cats_controller.rb:31:in `'

Started POST "/__better_errors/8877b07504a5b9b5/variables" for ::1 at 2019-06-19 18:39:44 -0400
Started GET "/cats" for ::1 at 2019-06-19 18:39:57 -0400
Processing by CatsController#index as HTML
Completed 500 Internal Server Error in 3ms (ActiveRecord: 0.0ms)



SyntaxError - syntax error, unexpected keyword_end:
  app/models/cat.rb:4:in `'
  app/controllers/cats_controller.rb:4:in `index'

Started POST "/__better_errors/cf737ccf9719b443/variables" for ::1 at 2019-06-19 18:39:57 -0400
Started GET "/cats" for ::1 at 2019-06-19 18:40:02 -0400
Processing by CatsController#index as HTML
Completed 500 Internal Server Error in 2ms (ActiveRecord: 0.0ms)



SyntaxError - syntax error, unexpected keyword_end:
  app/models/cat.rb:4:in `'
  app/controllers/cats_controller.rb:4:in `index'

Started POST "/__better_errors/7d2eff74c410833e/variables" for ::1 at 2019-06-19 18:40:02 -0400
Started GET "/cats" for ::1 at 2019-06-19 18:40:12 -0400
Processing by CatsController#index as HTML
  Rendering cats/index.html.erb within layouts/application
  [1m[36mCat Load (0.3ms)[0m  [1m[34mSELECT "cats".* FROM "cats"[0m
  ↳ app/views/cats/index.html.erb:4
  Rendered cats/index.html.erb within layouts/application (20.5ms)
Completed 200 OK in 29ms (Views: 21.1ms | ActiveRecord: 6.1ms)


Started GET "/cats/1" for ::1 at 2019-06-19 18:40:13 -0400
Processing by CatsController#show as HTML
  Parameters: {"id"=>"1"}
  [1m[36mCat Load (0.4ms)[0m  [1m[34mSELECT  "cats".* FROM "cats" WHERE "cats"."id" = $1 LIMIT $2[0m  [["id", 1], ["LIMIT", 1]]
  ↳ app/controllers/cats_controller.rb:10
  Rendering cats/show.html.erb within layouts/application
  Rendered cats/show.html.erb within layouts/application (1.1ms)
Completed 200 OK in 12ms (Views: 8.9ms | ActiveRecord: 0.4ms)


Started GET "/cats/2" for ::1 at 2019-06-19 18:40:19 -0400
Processing by CatsController#show as HTML
  Parameters: {"id"=>"2"}
  [1m[36mCat Load (0.3ms)[0m  [1m[34mSELECT  "cats".* FROM "cats" WHERE "cats"."id" = $1 LIMIT $2[0m  [["id", 2], ["LIMIT", 1]]
  ↳ app/controllers/cats_controller.rb:10
Redirected to http://localhost:3000/cats
Completed 302 Found in 2ms (ActiveRecord: 0.3ms)


Started GET "/cats" for ::1 at 2019-06-19 18:40:19 -0400
Processing by CatsController#index as HTML
  Rendering cats/index.html.erb within layouts/application
  [1m[36mCat Load (0.2ms)[0m  [1m[34mSELECT "cats".* FROM "cats"[0m
  ↳ app/views/cats/index.html.erb:4
  Rendered cats/index.html.erb within layouts/application (1.4ms)
Completed 200 OK in 14ms (Views: 13.1ms | ActiveRecord: 0.2ms)


Started GET "/cats/1" for ::1 at 2019-06-19 18:40:20 -0400
Processing by CatsController#show as HTML
  Parameters: {"id"=>"1"}
  [1m[36mCat Load (0.3ms)[0m  [1m[34mSELECT  "cats".* FROM "cats" WHERE "cats"."id" = $1 LIMIT $2[0m  [["id", 1], ["LIMIT", 1]]
  ↳ app/controllers/cats_controller.rb:10
  Rendering cats/show.html.erb within layouts/application
  Rendered cats/show.html.erb within layouts/application (1.2ms)
Completed 200 OK in 10ms (Views: 8.3ms | ActiveRecord: 0.3ms)


Started GET "/cats" for ::1 at 2019-06-19 18:40:37 -0400
Processing by CatsController#index as HTML
  Rendering cats/index.html.erb within layouts/application
  [1m[36mCat Load (0.4ms)[0m  [1m[34mSELECT "cats".* FROM "cats"[0m
  ↳ app/views/cats/index.html.erb:4
  Rendered cats/index.html.erb within layouts/application (18.6ms)
Completed 200 OK in 30ms (Views: 21.9ms | ActiveRecord: 5.3ms)


Started GET "/cats/1" for ::1 at 2019-06-19 18:40:39 -0400
Processing by CatsController#show as HTML
  Parameters: {"id"=>"1"}
  [1m[36mCat Load (0.3ms)[0m  [1m[34mSELECT  "cats".* FROM "cats" WHERE "cats"."id" = $1 LIMIT $2[0m  [["id", 1], ["LIMIT", 1]]
  ↳ app/controllers/cats_controller.rb:10
  Rendering cats/show.html.erb within layouts/application
  Rendered cats/show.html.erb within layouts/application (0.6ms)
Completed 200 OK in 9ms (Views: 7.0ms | ActiveRecord: 0.3ms)


Started GET "/cats/7" for ::1 at 2019-06-19 18:40:42 -0400
Processing by CatsController#show as HTML
  Parameters: {"id"=>"7"}
  [1m[36mCat Load (0.3ms)[0m  [1m[34mSELECT  "cats".* FROM "cats" WHERE "cats"."id" = $1 LIMIT $2[0m  [["id", 7], ["LIMIT", 1]]
  ↳ app/controllers/cats_controller.rb:10
Redirected to http://localhost:3000/cats
Completed 302 Found in 2ms (ActiveRecord: 0.3ms)


Started GET "/cats" for ::1 at 2019-06-19 18:40:42 -0400
Processing by CatsController#index as HTML
  Rendering cats/index.html.erb within layouts/application
  [1m[36mCat Load (0.4ms)[0m  [1m[34mSELECT "cats".* FROM "cats"[0m
  ↳ app/views/cats/index.html.erb:4
  Rendered cats/index.html.erb within layouts/application (1.9ms)
Completed 200 OK in 6ms (Views: 5.1ms | ActiveRecord: 0.4ms)


Started GET "/cats/new" for ::1 at 2019-06-19 18:43:23 -0400
Processing by CatsController#new as HTML
  Rendering cats/new.html.erb within layouts/application
  Rendered cats/new.html.erb within layouts/application (0.5ms)
Completed 200 OK in 6ms (Views: 5.3ms | ActiveRecord: 0.0ms)


Started GET "/cats/new" for ::1 at 2019-06-19 18:45:45 -0400
Processing by CatsController#new as HTML
  Rendering cats/new.html.erb within layouts/application
  Rendered cats/new.html.erb within layouts/application (0.6ms)
Completed 200 OK in 6ms (Views: 5.5ms | ActiveRecord: 0.0ms)


Started GET "/cats/new" for ::1 at 2019-06-19 18:45:51 -0400
Processing by CatsController#new as HTML
  Rendering cats/new.html.erb within layouts/application
  Rendered cats/new.html.erb within layouts/application (0.7ms)
Completed 200 OK in 8ms (Views: 7.9ms | ActiveRecord: 0.0ms)


Started GET "/cats/new" for ::1 at 2019-06-19 18:46:00 -0400
Processing by CatsController#new as HTML
  Rendering cats/new.html.erb within layouts/application
  Rendered cats/new.html.erb within layouts/application (0.8ms)
Completed 200 OK in 6ms (Views: 5.8ms | ActiveRecord: 0.0ms)


Started GET "/cats/new" for ::1 at 2019-06-19 18:46:01 -0400
Processing by CatsController#new as HTML
  Rendering cats/new.html.erb within layouts/application
  Rendered cats/new.html.erb within layouts/application (0.8ms)
Completed 200 OK in 9ms (Views: 8.3ms | ActiveRecord: 0.0ms)


Started GET "/cats/new" for ::1 at 2019-06-19 18:46:01 -0400
Processing by CatsController#new as HTML
  Rendering cats/new.html.erb within layouts/application
  Rendered cats/new.html.erb within layouts/application (0.6ms)
Completed 200 OK in 6ms (Views: 5.2ms | ActiveRecord: 0.0ms)


Started GET "/cats/new" for ::1 at 2019-06-19 18:46:02 -0400
Processing by CatsController#new as HTML
  Rendering cats/new.html.erb within layouts/application
  Rendered cats/new.html.erb within layouts/application (0.7ms)
Completed 200 OK in 7ms (Views: 6.9ms | ActiveRecord: 0.0ms)


Started GET "/cats/new" for ::1 at 2019-06-19 18:46:10 -0400
Processing by CatsController#new as HTML
  Rendering cats/new.html.erb within layouts/application
  Rendered cats/new.html.erb within layouts/application (0.6ms)
Completed 200 OK in 9ms (Views: 7.6ms | ActiveRecord: 0.0ms)


Started GET "/cats/new" for ::1 at 2019-06-19 18:48:44 -0400
Processing by CatsController#new as HTML
  Rendering cats/new.html.erb within layouts/application
  Rendered cats/new.html.erb within layouts/application (0.5ms)
Completed 200 OK in 8ms (Views: 7.9ms | ActiveRecord: 0.0ms)


Started GET "/cats/new" for ::1 at 2019-06-19 18:48:47 -0400
Processing by CatsController#new as HTML
  Rendering cats/new.html.erb within layouts/application
  Rendered cats/new.html.erb within layouts/application (0.4ms)
Completed 200 OK in 4ms (Views: 3.8ms | ActiveRecord: 0.0ms)


Started GET "/cats/new" for ::1 at 2019-06-19 18:49:31 -0400
Processing by CatsController#new as HTML
  Rendering cats/new.html.erb within layouts/application
  Rendered cats/new.html.erb within layouts/application (0.4ms)
Completed 200 OK in 4ms (Views: 4.0ms | ActiveRecord: 0.0ms)


Started GET "/cats/new" for ::1 at 2019-06-19 18:49:49 -0400
Processing by CatsController#new as HTML
  Rendering cats/new.html.erb within layouts/application
  Rendered cats/new.html.erb within layouts/application (0.7ms)
Completed 200 OK in 8ms (Views: 7.4ms | ActiveRecord: 0.0ms)


Started GET "/cats/new" for ::1 at 2019-06-19 18:49:56 -0400
Processing by CatsController#new as HTML
  Rendering cats/new.html.erb within layouts/application
  Rendered cats/new.html.erb within layouts/application (0.6ms)
Completed 200 OK in 7ms (Views: 6.7ms | ActiveRecord: 0.0ms)


Started POST "/cats" for ::1 at 2019-06-19 18:52:40 -0400
Processing by CatsController#create as HTML
  Parameters: {"cat"=>{"name"=>"Newguy", "color"=>"brown", "birth_date"=>"2019-06-18", "sex"=>"M", "description"=>"really good guy"}}
No template found for CatsController#create, rendering head :no_content
Completed 204 No Content in 26ms (ActiveRecord: 0.0ms)


Started POST "/cats" for ::1 at 2019-06-19 18:52:43 -0400
Processing by CatsController#create as HTML
  Parameters: {"cat"=>{"name"=>"Newguy", "color"=>"brown", "birth_date"=>"2019-06-18", "sex"=>"M", "description"=>"really good guy"}}
No template found for CatsController#create, rendering head :no_content
Completed 204 No Content in 23ms (ActiveRecord: 0.0ms)


Started GET "/cats" for ::1 at 2019-06-19 18:52:49 -0400
Processing by CatsController#index as HTML
  Rendering cats/index.html.erb within layouts/application
  [1m[36mCat Load (0.4ms)[0m  [1m[34mSELECT "cats".* FROM "cats"[0m
  ↳ app/views/cats/index.html.erb:4
  Rendered cats/index.html.erb within layouts/application (1.9ms)
Completed 200 OK in 8ms (Views: 7.0ms | ActiveRecord: 0.4ms)


Started GET "/cats/1" for ::1 at 2019-06-19 18:52:51 -0400
Processing by CatsController#show as HTML
  Parameters: {"id"=>"1"}
  [1m[36mCat Load (0.3ms)[0m  [1m[34mSELECT  "cats".* FROM "cats" WHERE "cats"."id" = $1 LIMIT $2[0m  [["id", 1], ["LIMIT", 1]]
  ↳ app/controllers/cats_controller.rb:10
  Rendering cats/show.html.erb within layouts/application
  Rendered cats/show.html.erb within layouts/application (0.6ms)
Completed 200 OK in 9ms (Views: 7.1ms | ActiveRecord: 0.3ms)


Started GET "/cats/new" for ::1 at 2019-06-19 18:52:55 -0400
Processing by CatsController#new as HTML
  Rendering cats/new.html.erb within layouts/application
  Rendered cats/new.html.erb within layouts/application (0.6ms)
Completed 200 OK in 13ms (Views: 12.5ms | ActiveRecord: 0.0ms)


Started GET "/cats/new" for ::1 at 2019-06-19 19:02:08 -0400
Processing by CatsController#new as HTML
  Rendering cats/new.html.erb within layouts/application
  Rendered cats/new.html.erb within layouts/application (0.8ms)
Completed 200 OK in 9ms (Views: 8.6ms | ActiveRecord: 0.0ms)


Started POST "/cats" for ::1 at 2019-06-19 19:02:22 -0400
Processing by CatsController#create as HTML
  Parameters: {"cat"=>{"name"=>"Newguy", "color"=>"brown", "birth_date"=>"2019-06-18", "sex"=>"M", "description"=>"really good guy\r\n"}}
  [1m[35m (0.2ms)[0m  [1m[35mBEGIN[0m
  ↳ app/controllers/cats_controller.rb:26
  [1m[36mCat Create (1.6ms)[0m  [1m[32mINSERT INTO "cats" ("birth_date", "color", "name", "sex", "description", "created_at", "updated_at") VALUES ($1, $2, $3, $4, $5, $6, $7) RETURNING "id"[0m  [["birth_date", "2019-06-18"], ["color", "brown"], ["name", "Newguy"], ["sex", "M"], ["description", "really good guy\r\n"], ["created_at", "2019-06-19 23:02:22.409852"], ["updated_at", "2019-06-19 23:02:22.409852"]]
  ↳ app/controllers/cats_controller.rb:26
  [1m[35m (0.2ms)[0m  [1m[31mROLLBACK[0m
  ↳ app/controllers/cats_controller.rb:26
Completed 500 Internal Server Error in 25ms (ActiveRecord: 7.6ms)



PG::UniqueViolation - ERROR:  duplicate key value violates unique constraint "cats_pkey"
DETAIL:  Key (id)=(1) already exists.
:
  app/controllers/cats_controller.rb:26:in `create'

Started POST "/__better_errors/2248e9ae644220a8/variables" for ::1 at 2019-06-19 19:02:22 -0400
Started POST "/__better_errors/2248e9ae644220a8/eval" for ::1 at 2019-06-19 19:02:44 -0400
Started GET "/cats" for ::1 at 2019-06-19 19:06:50 -0400
Processing by CatsController#index as HTML
  Rendering cats/index.html.erb within layouts/application
  [1m[36mCat Load (0.4ms)[0m  [1m[34mSELECT "cats".* FROM "cats"[0m
  ↳ app/views/cats/index.html.erb:4
  Rendered cats/index.html.erb within layouts/application (1.8ms)
Completed 200 OK in 6ms (Views: 5.0ms | ActiveRecord: 0.4ms)


Started GET "/cats/1" for ::1 at 2019-06-19 19:06:51 -0400
Processing by CatsController#show as HTML
  Parameters: {"id"=>"1"}
  [1m[36mCat Load (0.5ms)[0m  [1m[34mSELECT  "cats".* FROM "cats" WHERE "cats"."id" = $1 LIMIT $2[0m  [["id", 1], ["LIMIT", 1]]
  ↳ app/controllers/cats_controller.rb:10
  Rendering cats/show.html.erb within layouts/application
  Rendered cats/show.html.erb within layouts/application (0.6ms)
Completed 200 OK in 9ms (Views: 4.9ms | ActiveRecord: 0.8ms)


Started GET "/cats/new" for ::1 at 2019-06-19 19:06:55 -0400
Processing by CatsController#new as HTML
  Rendering cats/new.html.erb within layouts/application
  Rendered cats/new.html.erb within layouts/application (0.6ms)
Completed 200 OK in 7ms (Views: 6.2ms | ActiveRecord: 0.0ms)


Started POST "/cats" for ::1 at 2019-06-19 19:07:10 -0400
Processing by CatsController#create as HTML
  Parameters: {"cat"=>{"name"=>"Newguy", "color"=>"black", "birth_date"=>"2019-06-11", "sex"=>"F", "description"=>"just a great cat"}}
  [1m[35m (0.1ms)[0m  [1m[35mBEGIN[0m
  ↳ app/controllers/cats_controller.rb:26
  [1m[36mCat Create (0.3ms)[0m  [1m[32mINSERT INTO "cats" ("birth_date", "color", "name", "sex", "description", "created_at", "updated_at") VALUES ($1, $2, $3, $4, $5, $6, $7) RETURNING "id"[0m  [["birth_date", "2019-06-11"], ["color", "black"], ["name", "Newguy"], ["sex", "F"], ["description", "just a great cat"], ["created_at", "2019-06-19 23:07:10.213524"], ["updated_at", "2019-06-19 23:07:10.213524"]]
  ↳ app/controllers/cats_controller.rb:26
  [1m[35m (26.6ms)[0m  [1m[35mCOMMIT[0m
  ↳ app/controllers/cats_controller.rb:26
Redirected to http://localhost:3000/cats/2
Completed 302 Found in 30ms (ActiveRecord: 27.0ms)


Started GET "/cats/2" for ::1 at 2019-06-19 19:07:10 -0400
Processing by CatsController#show as HTML
  Parameters: {"id"=>"2"}
  [1m[36mCat Load (0.3ms)[0m  [1m[34mSELECT  "cats".* FROM "cats" WHERE "cats"."id" = $1 LIMIT $2[0m  [["id", 2], ["LIMIT", 1]]
  ↳ app/controllers/cats_controller.rb:10
  Rendering cats/show.html.erb within layouts/application
  Rendered cats/show.html.erb within layouts/application (0.5ms)
Completed 200 OK in 9ms (Views: 7.4ms | ActiveRecord: 0.3ms)


Started GET "/cats" for ::1 at 2019-06-19 19:07:20 -0400
Processing by CatsController#index as HTML
  Rendering cats/index.html.erb within layouts/application
  [1m[36mCat Load (0.4ms)[0m  [1m[34mSELECT "cats".* FROM "cats"[0m
  ↳ app/views/cats/index.html.erb:4
  Rendered cats/index.html.erb within layouts/application (2.0ms)
Completed 200 OK in 7ms (Views: 6.6ms | ActiveRecord: 0.4ms)


Started GET "/cats/2" for ::1 at 2019-06-19 19:07:22 -0400
Processing by CatsController#show as HTML
  Parameters: {"id"=>"2"}
  [1m[36mCat Load (0.4ms)[0m  [1m[34mSELECT  "cats".* FROM "cats" WHERE "cats"."id" = $1 LIMIT $2[0m  [["id", 2], ["LIMIT", 1]]
  ↳ app/controllers/cats_controller.rb:10
  Rendering cats/show.html.erb within layouts/application
  Rendered cats/show.html.erb within layouts/application (0.5ms)
Completed 200 OK in 8ms (Views: 5.8ms | ActiveRecord: 0.4ms)


Started GET "/cats/new" for ::1 at 2019-06-19 19:07:25 -0400
Processing by CatsController#new as HTML
  Rendering cats/new.html.erb within layouts/application
  Rendered cats/new.html.erb within layouts/application (0.6ms)
Completed 200 OK in 6ms (Views: 5.6ms | ActiveRecord: 0.0ms)


Started POST "/cats" for ::1 at 2019-06-19 19:08:10 -0400
Processing by CatsController#create as HTML
  Parameters: {"cat"=>{"name"=>"Newguy numero dos", "color"=>"tiger_stripes", "birth_date"=>"2017-06-15", "sex"=>"M", "description"=>"also a good cat"}}
  [1m[35m (0.1ms)[0m  [1m[35mBEGIN[0m
  ↳ app/controllers/cats_controller.rb:26
  [1m[36mCat Create (0.4ms)[0m  [1m[32mINSERT INTO "cats" ("birth_date", "color", "name", "sex", "description", "created_at", "updated_at") VALUES ($1, $2, $3, $4, $5, $6, $7) RETURNING "id"[0m  [["birth_date", "2017-06-15"], ["color", "tiger_stripes"], ["name", "Newguy numero dos"], ["sex", "M"], ["description", "also a good cat"], ["created_at", "2019-06-19 23:08:10.593635"], ["updated_at", "2019-06-19 23:08:10.593635"]]
  ↳ app/controllers/cats_controller.rb:26
  [1m[35m (35.0ms)[0m  [1m[35mCOMMIT[0m
  ↳ app/controllers/cats_controller.rb:26
Redirected to http://localhost:3000/cats/3
Completed 302 Found in 39ms (ActiveRecord: 35.5ms)


Started GET "/cats/3" for ::1 at 2019-06-19 19:08:10 -0400
Processing by CatsController#show as HTML
  Parameters: {"id"=>"3"}
  [1m[36mCat Load (0.3ms)[0m  [1m[34mSELECT  "cats".* FROM "cats" WHERE "cats"."id" = $1 LIMIT $2[0m  [["id", 3], ["LIMIT", 1]]
  ↳ app/controllers/cats_controller.rb:10
  Rendering cats/show.html.erb within layouts/application
  Rendered cats/show.html.erb within layouts/application (0.6ms)
Completed 200 OK in 7ms (Views: 5.8ms | ActiveRecord: 0.3ms)


Started GET "/cats" for ::1 at 2019-06-19 19:08:15 -0400
Processing by CatsController#index as HTML
  Rendering cats/index.html.erb within layouts/application
  [1m[36mCat Load (0.4ms)[0m  [1m[34mSELECT "cats".* FROM "cats"[0m
  ↳ app/views/cats/index.html.erb:4
  Rendered cats/index.html.erb within layouts/application (2.2ms)
Completed 200 OK in 8ms (Views: 7.2ms | ActiveRecord: 0.4ms)


Started GET "/cats/2/edit" for ::1 at 2019-06-19 19:13:20 -0400
Processing by CatsController#edit as HTML
  Parameters: {"id"=>"2"}
  [1m[36mCat Load (0.3ms)[0m  [1m[34mSELECT  "cats".* FROM "cats" WHERE "cats"."id" = $1 LIMIT $2[0m  [["id", 2], ["LIMIT", 1]]
  ↳ app/controllers/cats_controller.rb:38
  Rendering cats/edit.html.erb within layouts/application
  Rendered cats/edit.html.erb within layouts/application (0.5ms)
Completed 200 OK in 34ms (Views: 5.5ms | ActiveRecord: 7.1ms)


Started POST "/cats" for ::1 at 2019-06-19 19:18:10 -0400
Processing by CatsController#create as HTML
  Parameters: {"cat"=>{"name"=>"Bruno", "color"=>"orange", "birth_date"=>"2019-06-11", "sex"=>"F", "description"=>"updating dis guy"}}
  [1m[35m (0.1ms)[0m  [1m[35mBEGIN[0m
  ↳ app/controllers/cats_controller.rb:26
  [1m[36mCat Create (0.3ms)[0m  [1m[32mINSERT INTO "cats" ("birth_date", "color", "name", "sex", "description", "created_at", "updated_at") VALUES ($1, $2, $3, $4, $5, $6, $7) RETURNING "id"[0m  [["birth_date", "2019-06-11"], ["color", "orange"], ["name", "Bruno"], ["sex", "F"], ["description", "updating dis guy"], ["created_at", "2019-06-19 23:18:10.410424"], ["updated_at", "2019-06-19 23:18:10.410424"]]
  ↳ app/controllers/cats_controller.rb:26
  [1m[35m (27.5ms)[0m  [1m[35mCOMMIT[0m
  ↳ app/controllers/cats_controller.rb:26
Redirected to http://localhost:3000/cats/4
Completed 302 Found in 32ms (ActiveRecord: 27.9ms)


Started GET "/cats/4" for ::1 at 2019-06-19 19:18:10 -0400
Processing by CatsController#show as HTML
  Parameters: {"id"=>"4"}
  [1m[36mCat Load (0.3ms)[0m  [1m[34mSELECT  "cats".* FROM "cats" WHERE "cats"."id" = $1 LIMIT $2[0m  [["id", 4], ["LIMIT", 1]]
  ↳ app/controllers/cats_controller.rb:10
  Rendering cats/show.html.erb within layouts/application
  Rendered cats/show.html.erb within layouts/application (0.8ms)
Completed 200 OK in 9ms (Views: 7.0ms | ActiveRecord: 0.3ms)


Started GET "/cats" for ::1 at 2019-06-19 19:18:13 -0400
Processing by CatsController#index as HTML
  Rendering cats/index.html.erb within layouts/application
  [1m[36mCat Load (0.3ms)[0m  [1m[34mSELECT "cats".* FROM "cats"[0m
  ↳ app/views/cats/index.html.erb:4
  Rendered cats/index.html.erb within layouts/application (2.2ms)
Completed 200 OK in 8ms (Views: 7.2ms | ActiveRecord: 0.3ms)


Started GET "/cats/4" for ::1 at 2019-06-19 19:20:21 -0400
Processing by CatsController#show as HTML
  Parameters: {"id"=>"4"}
  [1m[36mCat Load (0.2ms)[0m  [1m[34mSELECT  "cats".* FROM "cats" WHERE "cats"."id" = $1 LIMIT $2[0m  [["id", 4], ["LIMIT", 1]]
  ↳ app/controllers/cats_controller.rb:10
  Rendering cats/show.html.erb within layouts/application
  Rendered cats/show.html.erb within layouts/application (1.2ms)
Completed 200 OK in 40ms (Views: 13.3ms | ActiveRecord: 3.9ms)


Started GET "/new" for ::1 at 2019-06-19 19:20:28 -0400
  
ActionController::RoutingError (No route matches [GET] "/new"):
  
actionpack (5.2.3) lib/action_dispatch/middleware/debug_exceptions.rb:65:in `call'
web-console (3.7.0) lib/web_console/middleware.rb:135:in `call_app'
web-console (3.7.0) lib/web_console/middleware.rb:30:in `block in call'
web-console (3.7.0) lib/web_console/middleware.rb:20:in `catch'
web-console (3.7.0) lib/web_console/middleware.rb:20:in `call'
actionpack (5.2.3) lib/action_dispatch/middleware/show_exceptions.rb:33:in `call'
railties (5.2.3) lib/rails/rack/logger.rb:38:in `call_app'
railties (5.2.3) lib/rails/rack/logger.rb:26:in `block in call'
activesupport (5.2.3) lib/active_support/tagged_logging.rb:71:in `block in tagged'
activesupport (5.2.3) lib/active_support/tagged_logging.rb:28:in `tagged'
activesupport (5.2.3) lib/active_support/tagged_logging.rb:71:in `tagged'
railties (5.2.3) lib/rails/rack/logger.rb:26:in `call'
sprockets-rails (3.2.1) lib/sprockets/rails/quiet_assets.rb:13:in `call'
actionpack (5.2.3) lib/action_dispatch/middleware/remote_ip.rb:81:in `call'
actionpack (5.2.3) lib/action_dispatch/middleware/request_id.rb:27:in `call'
rack (2.0.7) lib/rack/method_override.rb:22:in `call'
rack (2.0.7) lib/rack/runtime.rb:22:in `call'
activesupport (5.2.3) lib/active_support/cache/strategy/local_cache_middleware.rb:29:in `call'
actionpack (5.2.3) lib/action_dispatch/middleware/executor.rb:14:in `call'
actionpack (5.2.3) lib/action_dispatch/middleware/static.rb:127:in `call'
rack (2.0.7) lib/rack/sendfile.rb:111:in `call'
railties (5.2.3) lib/rails/engine.rb:524:in `call'
puma (3.12.1) lib/puma/configuration.rb:227:in `call'
puma (3.12.1) lib/puma/server.rb:660:in `handle_request'
puma (3.12.1) lib/puma/server.rb:474:in `process_client'
puma (3.12.1) lib/puma/server.rb:334:in `block in run'
puma (3.12.1) lib/puma/thread_pool.rb:135:in `block in spawn_thread'
Started GET "/cats" for ::1 at 2019-06-19 19:20:37 -0400
Processing by CatsController#index as HTML
  Rendering cats/index.html.erb within layouts/application
  [1m[36mCat Load (0.3ms)[0m  [1m[34mSELECT "cats".* FROM "cats"[0m
  ↳ app/views/cats/index.html.erb:4
  Rendered cats/index.html.erb within layouts/application (2.8ms)
Completed 200 OK in 14ms (Views: 12.5ms | ActiveRecord: 0.3ms)


Started GET "/cats/new" for ::1 at 2019-06-19 19:20:37 -0400
Processing by CatsController#new as HTML
  Rendering cats/new.html.erb within layouts/application
  Rendered cats/new.html.erb within layouts/application (1.4ms)
Completed 200 OK in 10ms (Views: 8.8ms | ActiveRecord: 0.0ms)


Started GET "/cats/edit/3" for ::1 at 2019-06-19 19:20:44 -0400
  
ActionController::RoutingError (No route matches [GET] "/cats/edit/3"):
  
actionpack (5.2.3) lib/action_dispatch/middleware/debug_exceptions.rb:65:in `call'
web-console (3.7.0) lib/web_console/middleware.rb:135:in `call_app'
web-console (3.7.0) lib/web_console/middleware.rb:30:in `block in call'
web-console (3.7.0) lib/web_console/middleware.rb:20:in `catch'
web-console (3.7.0) lib/web_console/middleware.rb:20:in `call'
actionpack (5.2.3) lib/action_dispatch/middleware/show_exceptions.rb:33:in `call'
railties (5.2.3) lib/rails/rack/logger.rb:38:in `call_app'
railties (5.2.3) lib/rails/rack/logger.rb:26:in `block in call'
activesupport (5.2.3) lib/active_support/tagged_logging.rb:71:in `block in tagged'
activesupport (5.2.3) lib/active_support/tagged_logging.rb:28:in `tagged'
activesupport (5.2.3) lib/active_support/tagged_logging.rb:71:in `tagged'
railties (5.2.3) lib/rails/rack/logger.rb:26:in `call'
sprockets-rails (3.2.1) lib/sprockets/rails/quiet_assets.rb:13:in `call'
actionpack (5.2.3) lib/action_dispatch/middleware/remote_ip.rb:81:in `call'
actionpack (5.2.3) lib/action_dispatch/middleware/request_id.rb:27:in `call'
rack (2.0.7) lib/rack/method_override.rb:22:in `call'
rack (2.0.7) lib/rack/runtime.rb:22:in `call'
activesupport (5.2.3) lib/active_support/cache/strategy/local_cache_middleware.rb:29:in `call'
actionpack (5.2.3) lib/action_dispatch/middleware/executor.rb:14:in `call'
actionpack (5.2.3) lib/action_dispatch/middleware/static.rb:127:in `call'
rack (2.0.7) lib/rack/sendfile.rb:111:in `call'
railties (5.2.3) lib/rails/engine.rb:524:in `call'
puma (3.12.1) lib/puma/configuration.rb:227:in `call'
puma (3.12.1) lib/puma/server.rb:660:in `handle_request'
puma (3.12.1) lib/puma/server.rb:474:in `process_client'
puma (3.12.1) lib/puma/server.rb:334:in `block in run'
puma (3.12.1) lib/puma/thread_pool.rb:135:in `block in spawn_thread'
Started GET "/cats/3/edit" for ::1 at 2019-06-19 19:21:00 -0400
Processing by CatsController#edit as HTML
  Parameters: {"id"=>"3"}
  [1m[36mCat Load (0.2ms)[0m  [1m[34mSELECT  "cats".* FROM "cats" WHERE "cats"."id" = $1 LIMIT $2[0m  [["id", 3], ["LIMIT", 1]]
  ↳ app/controllers/cats_controller.rb:44
  Rendering cats/edit.html.erb within layouts/application
  Rendered cats/edit.html.erb within layouts/application (0.6ms)
Completed 200 OK in 6ms (Views: 4.6ms | ActiveRecord: 0.2ms)


Started PUT "/cats/3" for ::1 at 2019-06-19 19:21:15 -0400
Processing by CatsController#update as HTML
  Parameters: {"cat"=>{"name"=>"HELLO", "color"=>"brown", "birth_date"=>"2019-06-11", "sex"=>"F", "description"=>"WHY WILL YOU NOT UPDATE?!?!?!?!"}, "id"=>"3"}
  [1m[36mCat Load (0.3ms)[0m  [1m[34mSELECT  "cats".* FROM "cats" WHERE "cats"."id" = $1 LIMIT $2[0m  [["id", 3], ["LIMIT", 1]]
  ↳ app/controllers/cats_controller.rb:34
  [1m[35m (0.1ms)[0m  [1m[35mBEGIN[0m
  ↳ app/controllers/cats_controller.rb:36
  [1m[36mCat Update (0.3ms)[0m  [1m[33mUPDATE "cats" SET "birth_date" = $1, "color" = $2, "description" = $3, "name" = $4, "sex" = $5, "updated_at" = $6 WHERE "cats"."id" = $7[0m  [["birth_date", "2019-06-11"], ["color", "brown"], ["description", "WHY WILL YOU NOT UPDATE?!?!?!?!"], ["name", "HELLO"], ["sex", "F"], ["updated_at", "2019-06-19 23:21:15.173575"], ["id", 3]]
  ↳ app/controllers/cats_controller.rb:36
  [1m[35m (34.8ms)[0m  [1m[35mCOMMIT[0m
  ↳ app/controllers/cats_controller.rb:36
Redirected to http://localhost:3000/cats/3
Completed 302 Found in 41ms (ActiveRecord: 35.6ms)


Started GET "/cats/3" for ::1 at 2019-06-19 19:21:15 -0400
Processing by CatsController#show as HTML
  Parameters: {"id"=>"3"}
  [1m[36mCat Load (0.4ms)[0m  [1m[34mSELECT  "cats".* FROM "cats" WHERE "cats"."id" = $1 LIMIT $2[0m  [["id", 3], ["LIMIT", 1]]
  ↳ app/controllers/cats_controller.rb:10
  Rendering cats/show.html.erb within layouts/application
  Rendered cats/show.html.erb within layouts/application (1.1ms)
Completed 200 OK in 10ms (Views: 7.6ms | ActiveRecord: 0.4ms)


Started GET "/cats/1" for ::1 at 2019-06-19 19:22:53 -0400
Processing by CatsController#show as HTML
  Parameters: {"id"=>"1"}
  [1m[36mCat Load (0.3ms)[0m  [1m[34mSELECT  "cats".* FROM "cats" WHERE "cats"."id" = $1 LIMIT $2[0m  [["id", 1], ["LIMIT", 1]]
  ↳ app/controllers/cats_controller.rb:10
  Rendering cats/show.html.erb within layouts/application
  Rendered cats/show.html.erb within layouts/application (0.6ms)
Completed 200 OK in 7ms (Views: 5.3ms | ActiveRecord: 0.3ms)


Started GET "/cats/1/edit" for ::1 at 2019-06-19 19:22:57 -0400
Processing by CatsController#edit as HTML
  Parameters: {"id"=>"1"}
  [1m[36mCat Load (0.2ms)[0m  [1m[34mSELECT  "cats".* FROM "cats" WHERE "cats"."id" = $1 LIMIT $2[0m  [["id", 1], ["LIMIT", 1]]
  ↳ app/controllers/cats_controller.rb:44
  Rendering cats/edit.html.erb within layouts/application
  Rendered cats/edit.html.erb within layouts/application (0.7ms)
Completed 200 OK in 8ms (Views: 6.4ms | ActiveRecord: 0.2ms)


Started GET "/cats" for ::1 at 2019-06-19 19:24:32 -0400
Processing by CatsController#index as HTML
  Rendering cats/index.html.erb within layouts/application
  [1m[36mCat Load (0.9ms)[0m  [1m[34mSELECT "cats".* FROM "cats"[0m
  ↳ app/views/cats/index.html.erb:4
  Rendered cats/index.html.erb within layouts/application (3.2ms)
Completed 200 OK in 9ms (Views: 7.3ms | ActiveRecord: 0.9ms)


Started GET "/cats/1" for ::1 at 2019-06-19 19:24:33 -0400
Processing by CatsController#show as HTML
  Parameters: {"id"=>"1"}
  [1m[36mCat Load (0.3ms)[0m  [1m[34mSELECT  "cats".* FROM "cats" WHERE "cats"."id" = $1 LIMIT $2[0m  [["id", 1], ["LIMIT", 1]]
  ↳ app/controllers/cats_controller.rb:10
  Rendering cats/show.html.erb within layouts/application
  Rendered cats/show.html.erb within layouts/application (1.3ms)
Completed 200 OK in 10ms (Views: 7.9ms | ActiveRecord: 0.3ms)


Started GET "/cats/2" for ::1 at 2019-06-19 19:24:35 -0400
Processing by CatsController#show as HTML
  Parameters: {"id"=>"2"}
  [1m[36mCat Load (0.3ms)[0m  [1m[34mSELECT  "cats".* FROM "cats" WHERE "cats"."id" = $1 LIMIT $2[0m  [["id", 2], ["LIMIT", 1]]
  ↳ app/controllers/cats_controller.rb:10
  Rendering cats/show.html.erb within layouts/application
  Rendered cats/show.html.erb within layouts/application (1.0ms)
Completed 200 OK in 9ms (Views: 6.9ms | ActiveRecord: 0.3ms)


Started GET "/cats/4" for ::1 at 2019-06-19 19:24:36 -0400
Processing by CatsController#show as HTML
  Parameters: {"id"=>"4"}
  [1m[36mCat Load (0.2ms)[0m  [1m[34mSELECT  "cats".* FROM "cats" WHERE "cats"."id" = $1 LIMIT $2[0m  [["id", 4], ["LIMIT", 1]]
  ↳ app/controllers/cats_controller.rb:10
  Rendering cats/show.html.erb within layouts/application
  Rendered cats/show.html.erb within layouts/application (1.2ms)
Completed 200 OK in 10ms (Views: 8.3ms | ActiveRecord: 0.2ms)


Started GET "/cats/3" for ::1 at 2019-06-19 19:24:37 -0400
Processing by CatsController#show as HTML
  Parameters: {"id"=>"3"}
  [1m[36mCat Load (0.3ms)[0m  [1m[34mSELECT  "cats".* FROM "cats" WHERE "cats"."id" = $1 LIMIT $2[0m  [["id", 3], ["LIMIT", 1]]
  ↳ app/controllers/cats_controller.rb:10
  Rendering cats/show.html.erb within layouts/application
  Rendered cats/show.html.erb within layouts/application (0.7ms)
Completed 200 OK in 7ms (Views: 5.7ms | ActiveRecord: 0.3ms)


Started GET "/cats/3" for ::1 at 2019-06-19 19:24:39 -0400
Processing by CatsController#show as HTML
  Parameters: {"id"=>"3"}
  [1m[36mCat Load (0.3ms)[0m  [1m[34mSELECT  "cats".* FROM "cats" WHERE "cats"."id" = $1 LIMIT $2[0m  [["id", 3], ["LIMIT", 1]]
  ↳ app/controllers/cats_controller.rb:10
  Rendering cats/show.html.erb within layouts/application
  Rendered cats/show.html.erb within layouts/application (0.7ms)
Completed 200 OK in 7ms (Views: 5.3ms | ActiveRecord: 0.3ms)


Started GET "/cats/4" for ::1 at 2019-06-19 19:24:40 -0400
Processing by CatsController#show as HTML
  Parameters: {"id"=>"4"}
  [1m[36mCat Load (0.3ms)[0m  [1m[34mSELECT  "cats".* FROM "cats" WHERE "cats"."id" = $1 LIMIT $2[0m  [["id", 4], ["LIMIT", 1]]
  ↳ app/controllers/cats_controller.rb:10
  Rendering cats/show.html.erb within layouts/application
  Rendered cats/show.html.erb within layouts/application (0.8ms)
Completed 200 OK in 9ms (Views: 6.7ms | ActiveRecord: 0.3ms)


Started GET "/cats/2" for ::1 at 2019-06-19 19:24:42 -0400
Processing by CatsController#show as HTML
  Parameters: {"id"=>"2"}
  [1m[36mCat Load (0.3ms)[0m  [1m[34mSELECT  "cats".* FROM "cats" WHERE "cats"."id" = $1 LIMIT $2[0m  [["id", 2], ["LIMIT", 1]]
  ↳ app/controllers/cats_controller.rb:10
  Rendering cats/show.html.erb within layouts/application
  Rendered cats/show.html.erb within layouts/application (0.6ms)
Completed 200 OK in 7ms (Views: 5.7ms | ActiveRecord: 0.3ms)


Started GET "/cats/2" for ::1 at 2019-06-19 19:24:44 -0400
Processing by CatsController#show as HTML
  Parameters: {"id"=>"2"}
  [1m[36mCat Load (0.3ms)[0m  [1m[34mSELECT  "cats".* FROM "cats" WHERE "cats"."id" = $1 LIMIT $2[0m  [["id", 2], ["LIMIT", 1]]
  ↳ app/controllers/cats_controller.rb:10
  Rendering cats/show.html.erb within layouts/application
  Rendered cats/show.html.erb within layouts/application (0.6ms)
Completed 200 OK in 9ms (Views: 6.8ms | ActiveRecord: 0.3ms)


Started GET "/cats/2/edit" for ::1 at 2019-06-19 19:24:48 -0400
Processing by CatsController#edit as HTML
  Parameters: {"id"=>"2"}
  [1m[36mCat Load (0.3ms)[0m  [1m[34mSELECT  "cats".* FROM "cats" WHERE "cats"."id" = $1 LIMIT $2[0m  [["id", 2], ["LIMIT", 1]]
  ↳ app/controllers/cats_controller.rb:44
  Rendering cats/edit.html.erb within layouts/application
  Rendered cats/edit.html.erb within layouts/application (0.7ms)
Completed 200 OK in 8ms (Views: 5.3ms | ActiveRecord: 0.3ms)


Started GET "/cats/2/edit" for ::1 at 2019-06-19 19:25:38 -0400
Processing by CatsController#edit as HTML
  Parameters: {"id"=>"2"}
  [1m[36mCat Load (0.3ms)[0m  [1m[34mSELECT  "cats".* FROM "cats" WHERE "cats"."id" = $1 LIMIT $2[0m  [["id", 2], ["LIMIT", 1]]
  ↳ app/controllers/cats_controller.rb:44
  Rendering cats/edit.html.erb within layouts/application
  Rendered cats/edit.html.erb within layouts/application (1.6ms)
Completed 200 OK in 11ms (Views: 9.0ms | ActiveRecord: 0.3ms)


Started GET "/cats/2/edit" for ::1 at 2019-06-19 19:25:53 -0400
Processing by CatsController#edit as HTML
  Parameters: {"id"=>"2"}
  [1m[36mCat Load (0.4ms)[0m  [1m[34mSELECT  "cats".* FROM "cats" WHERE "cats"."id" = $1 LIMIT $2[0m  [["id", 2], ["LIMIT", 1]]
  ↳ app/controllers/cats_controller.rb:44
  Rendering cats/edit.html.erb within layouts/application
  Rendered cats/edit.html.erb within layouts/application (0.7ms)
Completed 200 OK in 7ms (Views: 4.5ms | ActiveRecord: 0.4ms)


Started GET "/cats/2/edit" for ::1 at 2019-06-19 19:25:54 -0400
Processing by CatsController#edit as HTML
  Parameters: {"id"=>"2"}
  [1m[36mCat Load (0.4ms)[0m  [1m[34mSELECT  "cats".* FROM "cats" WHERE "cats"."id" = $1 LIMIT $2[0m  [["id", 2], ["LIMIT", 1]]
  ↳ app/controllers/cats_controller.rb:44
  Rendering cats/edit.html.erb within layouts/application
  Rendered cats/edit.html.erb within layouts/application (1.1ms)
Completed 200 OK in 11ms (Views: 8.5ms | ActiveRecord: 0.4ms)


Started GET "/cats/2/edit" for ::1 at 2019-06-19 19:25:54 -0400
Processing by CatsController#edit as HTML
  Parameters: {"id"=>"2"}
  [1m[36mCat Load (0.3ms)[0m  [1m[34mSELECT  "cats".* FROM "cats" WHERE "cats"."id" = $1 LIMIT $2[0m  [["id", 2], ["LIMIT", 1]]
  ↳ app/controllers/cats_controller.rb:44
  Rendering cats/edit.html.erb within layouts/application
  Rendered cats/edit.html.erb within layouts/application (0.9ms)
Completed 200 OK in 10ms (Views: 8.6ms | ActiveRecord: 0.3ms)


Started GET "/cats/2/edit" for ::1 at 2019-06-19 19:25:54 -0400
Processing by CatsController#edit as HTML
  Parameters: {"id"=>"2"}
  [1m[36mCat Load (0.2ms)[0m  [1m[34mSELECT  "cats".* FROM "cats" WHERE "cats"."id" = $1 LIMIT $2[0m  [["id", 2], ["LIMIT", 1]]
  ↳ app/controllers/cats_controller.rb:44
  Rendering cats/edit.html.erb within layouts/application
  Rendered cats/edit.html.erb within layouts/application (1.1ms)
Completed 200 OK in 8ms (Views: 6.8ms | ActiveRecord: 0.2ms)


Started GET "/cats/2/edit" for ::1 at 2019-06-19 19:25:55 -0400
Processing by CatsController#edit as HTML
  Parameters: {"id"=>"2"}
  [1m[36mCat Load (0.2ms)[0m  [1m[34mSELECT  "cats".* FROM "cats" WHERE "cats"."id" = $1 LIMIT $2[0m  [["id", 2], ["LIMIT", 1]]
  ↳ app/controllers/cats_controller.rb:44
  Rendering cats/edit.html.erb within layouts/application
  Rendered cats/edit.html.erb within layouts/application (0.8ms)
Completed 200 OK in 6ms (Views: 4.8ms | ActiveRecord: 0.2ms)


Started GET "/cats/2/edit" for ::1 at 2019-06-19 19:25:55 -0400
Processing by CatsController#edit as HTML
  Parameters: {"id"=>"2"}
  [1m[36mCat Load (0.2ms)[0m  [1m[34mSELECT  "cats".* FROM "cats" WHERE "cats"."id" = $1 LIMIT $2[0m  [["id", 2], ["LIMIT", 1]]
  ↳ app/controllers/cats_controller.rb:44
  Rendering cats/edit.html.erb within layouts/application
  Rendered cats/edit.html.erb within layouts/application (1.4ms)
Completed 200 OK in 7ms (Views: 5.1ms | ActiveRecord: 0.2ms)


Started GET "/cats/1/edit" for ::1 at 2019-06-19 19:26:00 -0400
Processing by CatsController#edit as HTML
  Parameters: {"id"=>"1"}
  [1m[36mCat Load (0.2ms)[0m  [1m[34mSELECT  "cats".* FROM "cats" WHERE "cats"."id" = $1 LIMIT $2[0m  [["id", 1], ["LIMIT", 1]]
  ↳ app/controllers/cats_controller.rb:44
  Rendering cats/edit.html.erb within layouts/application
  Rendered cats/edit.html.erb within layouts/application (0.7ms)
Completed 200 OK in 6ms (Views: 4.3ms | ActiveRecord: 0.2ms)


Started GET "/cats/1/edit" for ::1 at 2019-06-19 19:26:07 -0400
Processing by CatsController#edit as HTML
  Parameters: {"id"=>"1"}
  [1m[36mCat Load (0.4ms)[0m  [1m[34mSELECT  "cats".* FROM "cats" WHERE "cats"."id" = $1 LIMIT $2[0m  [["id", 1], ["LIMIT", 1]]
  ↳ app/controllers/cats_controller.rb:44
  Rendering cats/edit.html.erb within layouts/application
  Rendered cats/edit.html.erb within layouts/application (1.3ms)
Completed 200 OK in 11ms (Views: 8.8ms | ActiveRecord: 0.4ms)


Started GET "/cats/1/edit" for ::1 at 2019-06-19 19:26:09 -0400
Processing by CatsController#edit as HTML
  Parameters: {"id"=>"1"}
  [1m[36mCat Load (0.4ms)[0m  [1m[34mSELECT  "cats".* FROM "cats" WHERE "cats"."id" = $1 LIMIT $2[0m  [["id", 1], ["LIMIT", 1]]
  ↳ app/controllers/cats_controller.rb:44
  Rendering cats/edit.html.erb within layouts/application
  Rendered cats/edit.html.erb within layouts/application (0.8ms)
Completed 200 OK in 9ms (Views: 6.1ms | ActiveRecord: 0.4ms)


Started GET "/cats/" for ::1 at 2019-06-19 19:26:14 -0400
Processing by CatsController#index as HTML
  Rendering cats/index.html.erb within layouts/application
  [1m[36mCat Load (0.3ms)[0m  [1m[34mSELECT "cats".* FROM "cats"[0m
  ↳ app/views/cats/index.html.erb:4
  Rendered cats/index.html.erb within layouts/application (1.9ms)
Completed 200 OK in 8ms (Views: 7.4ms | ActiveRecord: 0.3ms)


Started GET "/cats/1" for ::1 at 2019-06-19 19:26:15 -0400
Processing by CatsController#show as HTML
  Parameters: {"id"=>"1"}
  [1m[36mCat Load (0.2ms)[0m  [1m[34mSELECT  "cats".* FROM "cats" WHERE "cats"."id" = $1 LIMIT $2[0m  [["id", 1], ["LIMIT", 1]]
  ↳ app/controllers/cats_controller.rb:10
  Rendering cats/show.html.erb within layouts/application
  Rendered cats/show.html.erb within layouts/application (1.1ms)
Completed 200 OK in 17ms (Views: 15.6ms | ActiveRecord: 0.2ms)


Started GET "/cats/4" for ::1 at 2019-06-19 19:26:58 -0400
Processing by CatsController#show as HTML
  Parameters: {"id"=>"4"}
  [1m[36mCat Load (0.3ms)[0m  [1m[34mSELECT  "cats".* FROM "cats" WHERE "cats"."id" = $1 LIMIT $2[0m  [["id", 4], ["LIMIT", 1]]
  ↳ app/controllers/cats_controller.rb:10
  Rendering cats/show.html.erb within layouts/application
  Rendered cats/show.html.erb within layouts/application (0.5ms)
Completed 200 OK in 8ms (Views: 5.9ms | ActiveRecord: 0.3ms)


Started GET "/cats/4/edit" for ::1 at 2019-06-19 19:27:05 -0400
Processing by CatsController#edit as HTML
  Parameters: {"id"=>"4"}
  [1m[36mCat Load (0.2ms)[0m  [1m[34mSELECT  "cats".* FROM "cats" WHERE "cats"."id" = $1 LIMIT $2[0m  [["id", 4], ["LIMIT", 1]]
  ↳ app/controllers/cats_controller.rb:44
  Rendering cats/edit.html.erb within layouts/application
  Rendered cats/edit.html.erb within layouts/application (0.9ms)
Completed 200 OK in 6ms (Views: 5.2ms | ActiveRecord: 0.2ms)


Started GET "/cats/4/edit" for ::1 at 2019-06-19 20:26:31 -0400
Processing by CatsController#edit as HTML
  Parameters: {"id"=>"4"}
  [1m[36mCat Load (0.4ms)[0m  [1m[34mSELECT  "cats".* FROM "cats" WHERE "cats"."id" = $1 LIMIT $2[0m  [["id", 4], ["LIMIT", 1]]
  ↳ app/controllers/cats_controller.rb:44
  Rendering cats/edit.html.erb within layouts/application
  Rendered cats/edit.html.erb within layouts/application (1.2ms)
Completed 200 OK in 9ms (Views: 6.6ms | ActiveRecord: 0.6ms)


